{"/Users/chigao/Work/github/ai-story-game/src/lib/game/engine.ts": {"path":"/Users/chigao/Work/github/ai-story-game/src/lib/game/engine.ts","all":false,"statementMap":{"6":{"start":{"line":7,"column":0},"end":{"line":7,"column":8}},"76":{"start":{"line":77,"column":0},"end":{"line":77,"column":25}},"77":{"start":{"line":78,"column":0},"end":{"line":78,"column":38}},"78":{"start":{"line":79,"column":0},"end":{"line":79,"column":40}},"85":{"start":{"line":86,"column":0},"end":{"line":86,"column":50}},"86":{"start":{"line":87,"column":0},"end":{"line":87,"column":24}},"87":{"start":{"line":88,"column":0},"end":{"line":88,"column":57}},"88":{"start":{"line":89,"column":0},"end":{"line":89,"column":40}},"89":{"start":{"line":90,"column":0},"end":{"line":90,"column":63}},"92":{"start":{"line":93,"column":0},"end":{"line":93,"column":67}},"93":{"start":{"line":94,"column":0},"end":{"line":94,"column":52}},"94":{"start":{"line":95,"column":0},"end":{"line":95,"column":58}},"96":{"start":{"line":97,"column":0},"end":{"line":97,"column":36}},"97":{"start":{"line":98,"column":0},"end":{"line":98,"column":16}},"98":{"start":{"line":99,"column":0},"end":{"line":99,"column":17}},"99":{"start":{"line":100,"column":0},"end":{"line":100,"column":19}},"100":{"start":{"line":101,"column":0},"end":{"line":101,"column":5}},"101":{"start":{"line":102,"column":0},"end":{"line":102,"column":42}},"103":{"start":{"line":104,"column":0},"end":{"line":104,"column":33}},"104":{"start":{"line":105,"column":0},"end":{"line":105,"column":3}},"111":{"start":{"line":112,"column":0},"end":{"line":112,"column":71}},"112":{"start":{"line":113,"column":0},"end":{"line":113,"column":24}},"113":{"start":{"line":114,"column":0},"end":{"line":114,"column":39}},"114":{"start":{"line":115,"column":0},"end":{"line":115,"column":3}},"120":{"start":{"line":121,"column":0},"end":{"line":121,"column":35}},"121":{"start":{"line":122,"column":0},"end":{"line":122,"column":48}},"122":{"start":{"line":123,"column":0},"end":{"line":123,"column":62}},"123":{"start":{"line":124,"column":0},"end":{"line":124,"column":50}},"124":{"start":{"line":125,"column":0},"end":{"line":125,"column":3}},"130":{"start":{"line":131,"column":0},"end":{"line":131,"column":26}},"131":{"start":{"line":132,"column":0},"end":{"line":132,"column":40}},"132":{"start":{"line":133,"column":0},"end":{"line":133,"column":34}},"134":{"start":{"line":135,"column":0},"end":{"line":135,"column":30}},"137":{"start":{"line":138,"column":0},"end":{"line":138,"column":45}},"138":{"start":{"line":139,"column":0},"end":{"line":139,"column":40}},"139":{"start":{"line":140,"column":0},"end":{"line":140,"column":61}},"140":{"start":{"line":141,"column":0},"end":{"line":141,"column":6}},"141":{"start":{"line":142,"column":0},"end":{"line":142,"column":3}},"148":{"start":{"line":149,"column":0},"end":{"line":149,"column":71}},"149":{"start":{"line":150,"column":0},"end":{"line":150,"column":48}},"151":{"start":{"line":152,"column":0},"end":{"line":152,"column":37}},"152":{"start":{"line":153,"column":0},"end":{"line":153,"column":57}},"153":{"start":{"line":154,"column":0},"end":{"line":154,"column":28}},"156":{"start":{"line":157,"column":0},"end":{"line":157,"column":47}},"157":{"start":{"line":158,"column":0},"end":{"line":158,"column":39}},"159":{"start":{"line":160,"column":0},"end":{"line":160,"column":23}},"161":{"start":{"line":162,"column":0},"end":{"line":162,"column":56}},"162":{"start":{"line":163,"column":0},"end":{"line":163,"column":61}},"163":{"start":{"line":164,"column":0},"end":{"line":164,"column":46}},"164":{"start":{"line":165,"column":0},"end":{"line":165,"column":7}},"167":{"start":{"line":168,"column":0},"end":{"line":168,"column":31}},"168":{"start":{"line":169,"column":0},"end":{"line":169,"column":33}},"169":{"start":{"line":170,"column":0},"end":{"line":170,"column":32}},"170":{"start":{"line":171,"column":0},"end":{"line":171,"column":28}},"171":{"start":{"line":172,"column":0},"end":{"line":172,"column":30}},"172":{"start":{"line":173,"column":0},"end":{"line":173,"column":8}},"173":{"start":{"line":174,"column":0},"end":{"line":174,"column":5}},"176":{"start":{"line":177,"column":0},"end":{"line":177,"column":48}},"179":{"start":{"line":180,"column":0},"end":{"line":180,"column":51}},"180":{"start":{"line":181,"column":0},"end":{"line":181,"column":56}},"182":{"start":{"line":183,"column":0},"end":{"line":183,"column":17}},"183":{"start":{"line":184,"column":0},"end":{"line":184,"column":14}},"184":{"start":{"line":185,"column":0},"end":{"line":185,"column":23}},"185":{"start":{"line":186,"column":0},"end":{"line":186,"column":15}},"186":{"start":{"line":187,"column":0},"end":{"line":187,"column":32}},"187":{"start":{"line":188,"column":0},"end":{"line":188,"column":7}},"188":{"start":{"line":189,"column":0},"end":{"line":189,"column":5}},"190":{"start":{"line":191,"column":0},"end":{"line":191,"column":44}},"191":{"start":{"line":192,"column":0},"end":{"line":192,"column":12}},"192":{"start":{"line":193,"column":0},"end":{"line":193,"column":23}},"193":{"start":{"line":194,"column":0},"end":{"line":194,"column":36}},"194":{"start":{"line":195,"column":0},"end":{"line":195,"column":30}},"195":{"start":{"line":196,"column":0},"end":{"line":196,"column":5}},"196":{"start":{"line":197,"column":0},"end":{"line":197,"column":3}},"202":{"start":{"line":203,"column":0},"end":{"line":203,"column":32}},"203":{"start":{"line":204,"column":0},"end":{"line":204,"column":48}},"205":{"start":{"line":206,"column":0},"end":{"line":206,"column":51}},"206":{"start":{"line":207,"column":0},"end":{"line":207,"column":53}},"208":{"start":{"line":209,"column":0},"end":{"line":209,"column":48}},"209":{"start":{"line":210,"column":0},"end":{"line":210,"column":3}},"215":{"start":{"line":216,"column":0},"end":{"line":216,"column":32}},"216":{"start":{"line":217,"column":0},"end":{"line":217,"column":32}},"217":{"start":{"line":218,"column":0},"end":{"line":218,"column":33}},"218":{"start":{"line":219,"column":0},"end":{"line":219,"column":3}},"224":{"start":{"line":225,"column":0},"end":{"line":225,"column":29}},"225":{"start":{"line":226,"column":0},"end":{"line":226,"column":29}},"226":{"start":{"line":227,"column":0},"end":{"line":227,"column":65}},"227":{"start":{"line":228,"column":0},"end":{"line":228,"column":3}},"234":{"start":{"line":235,"column":0},"end":{"line":235,"column":47}},"235":{"start":{"line":236,"column":0},"end":{"line":236,"column":29}},"236":{"start":{"line":237,"column":0},"end":{"line":237,"column":52}},"237":{"start":{"line":238,"column":0},"end":{"line":238,"column":3}},"244":{"start":{"line":245,"column":0},"end":{"line":245,"column":48}},"245":{"start":{"line":246,"column":0},"end":{"line":246,"column":29}},"246":{"start":{"line":247,"column":0},"end":{"line":247,"column":53}},"247":{"start":{"line":248,"column":0},"end":{"line":248,"column":3}},"248":{"start":{"line":249,"column":0},"end":{"line":249,"column":1}},"254":{"start":{"line":255,"column":0},"end":{"line":255,"column":48}},"255":{"start":{"line":256,"column":0},"end":{"line":256,"column":25}},"256":{"start":{"line":257,"column":0},"end":{"line":257,"column":1}}},"s":{"6":1,"76":1,"77":35,"78":35,"85":35,"86":24,"87":24,"88":24,"89":24,"92":24,"93":24,"94":24,"96":24,"97":24,"98":24,"99":24,"100":24,"101":24,"103":24,"104":24,"111":35,"112":4,"113":4,"114":4,"120":35,"121":38,"122":36,"123":38,"124":38,"130":35,"131":16,"132":16,"134":16,"137":14,"138":28,"139":3,"140":14,"141":16,"148":35,"149":12,"151":11,"152":11,"153":12,"156":10,"157":10,"159":10,"161":10,"162":9,"163":9,"164":9,"167":10,"168":10,"169":10,"170":10,"171":10,"172":10,"173":10,"176":10,"179":10,"180":10,"182":12,"183":3,"184":3,"185":3,"186":3,"187":3,"188":3,"190":7,"191":7,"192":7,"193":12,"194":12,"195":12,"196":12,"202":35,"203":2,"205":2,"206":2,"208":2,"209":2,"215":35,"216":5,"217":4,"218":5,"224":35,"225":2,"226":1,"227":2,"234":35,"235":5,"236":5,"237":5,"244":35,"245":3,"246":2,"247":3,"248":35,"254":1,"255":35,"256":35},"branchMap":{"0":{"type":"branch","line":77,"loc":{"start":{"line":77,"column":24},"end":{"line":249,"column":1}},"locations":[{"start":{"line":77,"column":24},"end":{"line":249,"column":1}}]},"1":{"type":"branch","line":86,"loc":{"start":{"line":86,"column":2},"end":{"line":105,"column":3}},"locations":[{"start":{"line":86,"column":2},"end":{"line":105,"column":3}}]},"2":{"type":"branch","line":90,"loc":{"start":{"line":90,"column":57},"end":{"line":90,"column":63}},"locations":[{"start":{"line":90,"column":57},"end":{"line":90,"column":63}}]},"3":{"type":"branch","line":93,"loc":{"start":{"line":93,"column":49},"end":{"line":93,"column":67}},"locations":[{"start":{"line":93,"column":49},"end":{"line":93,"column":67}}]},"4":{"type":"branch","line":94,"loc":{"start":{"line":94,"column":36},"end":{"line":94,"column":52}},"locations":[{"start":{"line":94,"column":36},"end":{"line":94,"column":52}}]},"5":{"type":"branch","line":95,"loc":{"start":{"line":95,"column":39},"end":{"line":95,"column":58}},"locations":[{"start":{"line":95,"column":39},"end":{"line":95,"column":58}}]},"6":{"type":"branch","line":112,"loc":{"start":{"line":112,"column":2},"end":{"line":115,"column":3}},"locations":[{"start":{"line":112,"column":2},"end":{"line":115,"column":3}}]},"7":{"type":"branch","line":121,"loc":{"start":{"line":121,"column":2},"end":{"line":125,"column":3}},"locations":[{"start":{"line":121,"column":2},"end":{"line":125,"column":3}}]},"8":{"type":"branch","line":122,"loc":{"start":{"line":122,"column":14},"end":{"line":122,"column":37}},"locations":[{"start":{"line":122,"column":14},"end":{"line":122,"column":37}}]},"9":{"type":"branch","line":122,"loc":{"start":{"line":122,"column":37},"end":{"line":122,"column":48}},"locations":[{"start":{"line":122,"column":37},"end":{"line":122,"column":48}}]},"10":{"type":"branch","line":122,"loc":{"start":{"line":122,"column":44},"end":{"line":124,"column":46}},"locations":[{"start":{"line":122,"column":44},"end":{"line":124,"column":46}}]},"11":{"type":"branch","line":124,"loc":{"start":{"line":124,"column":41},"end":{"line":124,"column":50}},"locations":[{"start":{"line":124,"column":41},"end":{"line":124,"column":50}}]},"12":{"type":"branch","line":131,"loc":{"start":{"line":131,"column":2},"end":{"line":142,"column":3}},"locations":[{"start":{"line":131,"column":2},"end":{"line":142,"column":3}}]},"13":{"type":"branch","line":133,"loc":{"start":{"line":133,"column":9},"end":{"line":133,"column":25}},"locations":[{"start":{"line":133,"column":9},"end":{"line":133,"column":25}}]},"14":{"type":"branch","line":133,"loc":{"start":{"line":133,"column":25},"end":{"line":133,"column":34}},"locations":[{"start":{"line":133,"column":25},"end":{"line":133,"column":34}}]},"15":{"type":"branch","line":133,"loc":{"start":{"line":133,"column":33},"end":{"line":135,"column":28}},"locations":[{"start":{"line":133,"column":33},"end":{"line":135,"column":28}}]},"16":{"type":"branch","line":135,"loc":{"start":{"line":135,"column":21},"end":{"line":135,"column":30}},"locations":[{"start":{"line":135,"column":21},"end":{"line":135,"column":30}}]},"17":{"type":"branch","line":135,"loc":{"start":{"line":135,"column":29},"end":{"line":141,"column":6}},"locations":[{"start":{"line":135,"column":29},"end":{"line":141,"column":6}}]},"18":{"type":"branch","line":138,"loc":{"start":{"line":138,"column":32},"end":{"line":141,"column":5}},"locations":[{"start":{"line":138,"column":32},"end":{"line":141,"column":5}}]},"19":{"type":"branch","line":139,"loc":{"start":{"line":139,"column":29},"end":{"line":139,"column":40}},"locations":[{"start":{"line":139,"column":29},"end":{"line":139,"column":40}}]},"20":{"type":"branch","line":139,"loc":{"start":{"line":139,"column":36},"end":{"line":140,"column":61}},"locations":[{"start":{"line":139,"column":36},"end":{"line":140,"column":61}}]},"21":{"type":"branch","line":149,"loc":{"start":{"line":149,"column":2},"end":{"line":197,"column":3}},"locations":[{"start":{"line":149,"column":2},"end":{"line":197,"column":3}}]},"22":{"type":"branch","line":150,"loc":{"start":{"line":150,"column":14},"end":{"line":150,"column":37}},"locations":[{"start":{"line":150,"column":14},"end":{"line":150,"column":37}}]},"23":{"type":"branch","line":150,"loc":{"start":{"line":150,"column":37},"end":{"line":150,"column":48}},"locations":[{"start":{"line":150,"column":37},"end":{"line":150,"column":48}}]},"24":{"type":"branch","line":150,"loc":{"start":{"line":150,"column":44},"end":{"line":154,"column":24}},"locations":[{"start":{"line":150,"column":44},"end":{"line":154,"column":24}}]},"25":{"type":"branch","line":154,"loc":{"start":{"line":154,"column":17},"end":{"line":154,"column":28}},"locations":[{"start":{"line":154,"column":17},"end":{"line":154,"column":28}}]},"26":{"type":"branch","line":154,"loc":{"start":{"line":154,"column":24},"end":{"line":183,"column":16}},"locations":[{"start":{"line":154,"column":24},"end":{"line":183,"column":16}}]},"27":{"type":"branch","line":162,"loc":{"start":{"line":162,"column":17},"end":{"line":162,"column":55}},"locations":[{"start":{"line":162,"column":17},"end":{"line":162,"column":55}}]},"28":{"type":"branch","line":162,"loc":{"start":{"line":162,"column":55},"end":{"line":165,"column":7}},"locations":[{"start":{"line":162,"column":55},"end":{"line":165,"column":7}}]},"29":{"type":"branch","line":183,"loc":{"start":{"line":183,"column":16},"end":{"line":189,"column":5}},"locations":[{"start":{"line":183,"column":16},"end":{"line":189,"column":5}}]},"30":{"type":"branch","line":189,"loc":{"start":{"line":189,"column":4},"end":{"line":194,"column":26}},"locations":[{"start":{"line":189,"column":4},"end":{"line":194,"column":26}}]},"31":{"type":"branch","line":194,"loc":{"start":{"line":194,"column":13},"end":{"line":194,"column":36}},"locations":[{"start":{"line":194,"column":13},"end":{"line":194,"column":36}}]},"32":{"type":"branch","line":153,"loc":{"start":{"line":153,"column":32},"end":{"line":153,"column":56}},"locations":[{"start":{"line":153,"column":32},"end":{"line":153,"column":56}}]},"33":{"type":"branch","line":203,"loc":{"start":{"line":203,"column":2},"end":{"line":210,"column":3}},"locations":[{"start":{"line":203,"column":2},"end":{"line":210,"column":3}}]},"34":{"type":"branch","line":204,"loc":{"start":{"line":204,"column":37},"end":{"line":204,"column":48}},"locations":[{"start":{"line":204,"column":37},"end":{"line":204,"column":48}}]},"35":{"type":"branch","line":207,"loc":{"start":{"line":207,"column":42},"end":{"line":207,"column":53}},"locations":[{"start":{"line":207,"column":42},"end":{"line":207,"column":53}}]},"36":{"type":"branch","line":216,"loc":{"start":{"line":216,"column":2},"end":{"line":219,"column":3}},"locations":[{"start":{"line":216,"column":2},"end":{"line":219,"column":3}}]},"37":{"type":"branch","line":217,"loc":{"start":{"line":217,"column":21},"end":{"line":217,"column":32}},"locations":[{"start":{"line":217,"column":21},"end":{"line":217,"column":32}}]},"38":{"type":"branch","line":217,"loc":{"start":{"line":217,"column":28},"end":{"line":218,"column":33}},"locations":[{"start":{"line":217,"column":28},"end":{"line":218,"column":33}}]},"39":{"type":"branch","line":225,"loc":{"start":{"line":225,"column":2},"end":{"line":228,"column":3}},"locations":[{"start":{"line":225,"column":2},"end":{"line":228,"column":3}}]},"40":{"type":"branch","line":226,"loc":{"start":{"line":226,"column":21},"end":{"line":227,"column":65}},"locations":[{"start":{"line":226,"column":21},"end":{"line":227,"column":65}}]},"41":{"type":"branch","line":235,"loc":{"start":{"line":235,"column":2},"end":{"line":238,"column":3}},"locations":[{"start":{"line":235,"column":2},"end":{"line":238,"column":3}}]},"42":{"type":"branch","line":236,"loc":{"start":{"line":236,"column":21},"end":{"line":236,"column":29}},"locations":[{"start":{"line":236,"column":21},"end":{"line":236,"column":29}}]},"43":{"type":"branch","line":236,"loc":{"start":{"line":236,"column":28},"end":{"line":237,"column":51}},"locations":[{"start":{"line":236,"column":28},"end":{"line":237,"column":51}}]},"44":{"type":"branch","line":237,"loc":{"start":{"line":237,"column":46},"end":{"line":237,"column":52}},"locations":[{"start":{"line":237,"column":46},"end":{"line":237,"column":52}}]},"45":{"type":"branch","line":245,"loc":{"start":{"line":245,"column":2},"end":{"line":248,"column":3}},"locations":[{"start":{"line":245,"column":2},"end":{"line":248,"column":3}}]},"46":{"type":"branch","line":246,"loc":{"start":{"line":246,"column":21},"end":{"line":246,"column":29}},"locations":[{"start":{"line":246,"column":21},"end":{"line":246,"column":29}}]},"47":{"type":"branch","line":246,"loc":{"start":{"line":246,"column":28},"end":{"line":247,"column":53}},"locations":[{"start":{"line":246,"column":28},"end":{"line":247,"column":53}}]},"48":{"type":"branch","line":255,"loc":{"start":{"line":255,"column":7},"end":{"line":257,"column":1}},"locations":[{"start":{"line":255,"column":7},"end":{"line":257,"column":1}}]}},"b":{"0":[35],"1":[24],"2":[0],"3":[2],"4":[2],"5":[2],"6":[4],"7":[38],"8":[36],"9":[2],"10":[36],"11":[0],"12":[16],"13":[15],"14":[2],"15":[14],"16":[0],"17":[14],"18":[28],"19":[25],"20":[3],"21":[12],"22":[11],"23":[1],"24":[11],"25":[1],"26":[10],"27":[9],"28":[9],"29":[3],"30":[7],"31":[0],"32":[12],"33":[2],"34":[0],"35":[0],"36":[5],"37":[1],"38":[4],"39":[2],"40":[1],"41":[5],"42":[1],"43":[4],"44":[3],"45":[3],"46":[1],"47":[2],"48":[35]},"fnMap":{"0":{"name":"<instance_members_initializer>","decl":{"start":{"line":77,"column":24},"end":{"line":249,"column":1}},"loc":{"start":{"line":77,"column":24},"end":{"line":249,"column":1}},"line":77},"1":{"name":"init","decl":{"start":{"line":86,"column":2},"end":{"line":105,"column":3}},"loc":{"start":{"line":86,"column":2},"end":{"line":105,"column":3}},"line":86},"2":{"name":"restore","decl":{"start":{"line":112,"column":2},"end":{"line":115,"column":3}},"loc":{"start":{"line":112,"column":2},"end":{"line":115,"column":3}},"line":112},"3":{"name":"getCurrentScene","decl":{"start":{"line":121,"column":2},"end":{"line":125,"column":3}},"loc":{"start":{"line":121,"column":2},"end":{"line":125,"column":3}},"line":121},"4":{"name":"getChoices","decl":{"start":{"line":131,"column":2},"end":{"line":142,"column":3}},"loc":{"start":{"line":131,"column":2},"end":{"line":142,"column":3}},"line":131},"5":{"name":"processChoice","decl":{"start":{"line":149,"column":2},"end":{"line":197,"column":3}},"loc":{"start":{"line":149,"column":2},"end":{"line":197,"column":3}},"line":149},"6":{"name":"checkEnding","decl":{"start":{"line":203,"column":2},"end":{"line":210,"column":3}},"loc":{"start":{"line":203,"column":2},"end":{"line":210,"column":3}},"line":203},"7":{"name":"getState","decl":{"start":{"line":216,"column":2},"end":{"line":219,"column":3}},"loc":{"start":{"line":216,"column":2},"end":{"line":219,"column":3}},"line":216},"8":{"name":"getPlayDuration","decl":{"start":{"line":225,"column":2},"end":{"line":228,"column":3}},"loc":{"start":{"line":225,"column":2},"end":{"line":228,"column":3}},"line":225},"9":{"name":"getAttribute","decl":{"start":{"line":235,"column":2},"end":{"line":238,"column":3}},"loc":{"start":{"line":235,"column":2},"end":{"line":238,"column":3}},"line":235},"10":{"name":"getRelationship","decl":{"start":{"line":245,"column":2},"end":{"line":248,"column":3}},"loc":{"start":{"line":245,"column":2},"end":{"line":248,"column":3}},"line":245},"11":{"name":"createGameEngine","decl":{"start":{"line":255,"column":7},"end":{"line":257,"column":1}},"loc":{"start":{"line":255,"column":7},"end":{"line":257,"column":1}},"line":255}},"f":{"0":35,"1":24,"2":4,"3":38,"4":16,"5":12,"6":2,"7":5,"8":2,"9":5,"10":3,"11":35}}
,"/Users/chigao/Work/github/ai-story-game/src/lib/game/script-parser.ts": {"path":"/Users/chigao/Work/github/ai-story-game/src/lib/game/script-parser.ts","all":false,"statementMap":{"54":{"start":{"line":55,"column":0},"end":{"line":55,"column":45}},"55":{"start":{"line":56,"column":0},"end":{"line":56,"column":54}},"56":{"start":{"line":57,"column":0},"end":{"line":57,"column":18}},"57":{"start":{"line":58,"column":0},"end":{"line":58,"column":34}},"58":{"start":{"line":59,"column":0},"end":{"line":59,"column":3}},"59":{"start":{"line":60,"column":0},"end":{"line":60,"column":1}},"62":{"start":{"line":63,"column":0},"end":{"line":63,"column":50}},"63":{"start":{"line":64,"column":0},"end":{"line":64,"column":57}},"64":{"start":{"line":65,"column":0},"end":{"line":65,"column":18}},"65":{"start":{"line":66,"column":0},"end":{"line":66,"column":39}},"66":{"start":{"line":67,"column":0},"end":{"line":67,"column":3}},"67":{"start":{"line":68,"column":0},"end":{"line":68,"column":1}},"72":{"start":{"line":73,"column":0},"end":{"line":73,"column":27}},"78":{"start":{"line":79,"column":0},"end":{"line":79,"column":31}},"79":{"start":{"line":80,"column":0},"end":{"line":80,"column":21}},"81":{"start":{"line":82,"column":0},"end":{"line":82,"column":9}},"82":{"start":{"line":83,"column":0},"end":{"line":83,"column":29}},"83":{"start":{"line":84,"column":0},"end":{"line":84,"column":17}},"84":{"start":{"line":85,"column":0},"end":{"line":85,"column":55}},"85":{"start":{"line":86,"column":0},"end":{"line":86,"column":5}},"87":{"start":{"line":88,"column":0},"end":{"line":88,"column":33}},"88":{"start":{"line":89,"column":0},"end":{"line":89,"column":3}},"95":{"start":{"line":96,"column":0},"end":{"line":96,"column":38}},"96":{"start":{"line":97,"column":0},"end":{"line":97,"column":44}},"97":{"start":{"line":98,"column":0},"end":{"line":98,"column":65}},"98":{"start":{"line":99,"column":0},"end":{"line":99,"column":5}},"100":{"start":{"line":101,"column":0},"end":{"line":101,"column":47}},"103":{"start":{"line":104,"column":0},"end":{"line":104,"column":72}},"104":{"start":{"line":105,"column":0},"end":{"line":105,"column":41}},"105":{"start":{"line":106,"column":0},"end":{"line":106,"column":28}},"106":{"start":{"line":107,"column":0},"end":{"line":107,"column":70}},"107":{"start":{"line":108,"column":0},"end":{"line":108,"column":7}},"108":{"start":{"line":109,"column":0},"end":{"line":109,"column":5}},"111":{"start":{"line":112,"column":0},"end":{"line":112,"column":37}},"112":{"start":{"line":113,"column":0},"end":{"line":113,"column":63}},"113":{"start":{"line":114,"column":0},"end":{"line":114,"column":5}},"114":{"start":{"line":115,"column":0},"end":{"line":115,"column":40}},"115":{"start":{"line":116,"column":0},"end":{"line":116,"column":66}},"116":{"start":{"line":117,"column":0},"end":{"line":117,"column":5}},"117":{"start":{"line":118,"column":0},"end":{"line":118,"column":40}},"118":{"start":{"line":119,"column":0},"end":{"line":119,"column":66}},"119":{"start":{"line":120,"column":0},"end":{"line":120,"column":5}},"120":{"start":{"line":121,"column":0},"end":{"line":121,"column":64}},"121":{"start":{"line":122,"column":0},"end":{"line":122,"column":68}},"122":{"start":{"line":123,"column":0},"end":{"line":123,"column":5}},"123":{"start":{"line":124,"column":0},"end":{"line":124,"column":38}},"124":{"start":{"line":125,"column":0},"end":{"line":125,"column":68}},"125":{"start":{"line":126,"column":0},"end":{"line":126,"column":5}},"128":{"start":{"line":129,"column":0},"end":{"line":129,"column":28}},"129":{"start":{"line":130,"column":0},"end":{"line":130,"column":17}},"130":{"start":{"line":131,"column":0},"end":{"line":131,"column":23}},"131":{"start":{"line":132,"column":0},"end":{"line":132,"column":78}},"132":{"start":{"line":133,"column":0},"end":{"line":133,"column":42}},"133":{"start":{"line":134,"column":0},"end":{"line":134,"column":70}},"134":{"start":{"line":135,"column":0},"end":{"line":135,"column":50}},"135":{"start":{"line":136,"column":0},"end":{"line":136,"column":39}},"136":{"start":{"line":137,"column":0},"end":{"line":137,"column":5}},"139":{"start":{"line":140,"column":0},"end":{"line":140,"column":45}},"140":{"start":{"line":141,"column":0},"end":{"line":141,"column":40}},"141":{"start":{"line":142,"column":0},"end":{"line":142,"column":5}},"142":{"start":{"line":143,"column":0},"end":{"line":143,"column":34}},"143":{"start":{"line":144,"column":0},"end":{"line":144,"column":40}},"144":{"start":{"line":145,"column":0},"end":{"line":145,"column":5}},"145":{"start":{"line":146,"column":0},"end":{"line":146,"column":52}},"146":{"start":{"line":147,"column":0},"end":{"line":147,"column":54}},"147":{"start":{"line":148,"column":0},"end":{"line":148,"column":5}},"148":{"start":{"line":149,"column":0},"end":{"line":149,"column":45}},"149":{"start":{"line":150,"column":0},"end":{"line":150,"column":64}},"150":{"start":{"line":151,"column":0},"end":{"line":151,"column":5}},"151":{"start":{"line":152,"column":0},"end":{"line":152,"column":67}},"152":{"start":{"line":153,"column":0},"end":{"line":153,"column":70}},"153":{"start":{"line":154,"column":0},"end":{"line":154,"column":5}},"155":{"start":{"line":156,"column":0},"end":{"line":156,"column":17}},"156":{"start":{"line":157,"column":0},"end":{"line":157,"column":3}},"163":{"start":{"line":164,"column":0},"end":{"line":164,"column":46}},"164":{"start":{"line":165,"column":0},"end":{"line":165,"column":31}},"165":{"start":{"line":166,"column":0},"end":{"line":166,"column":33}},"168":{"start":{"line":169,"column":0},"end":{"line":169,"column":21}},"169":{"start":{"line":170,"column":0},"end":{"line":170,"column":42}},"170":{"start":{"line":171,"column":0},"end":{"line":171,"column":5}},"171":{"start":{"line":172,"column":0},"end":{"line":172,"column":24}},"172":{"start":{"line":173,"column":0},"end":{"line":173,"column":45}},"173":{"start":{"line":174,"column":0},"end":{"line":174,"column":5}},"174":{"start":{"line":175,"column":0},"end":{"line":175,"column":24}},"175":{"start":{"line":176,"column":0},"end":{"line":176,"column":45}},"176":{"start":{"line":177,"column":0},"end":{"line":177,"column":5}},"179":{"start":{"line":180,"column":0},"end":{"line":180,"column":68}},"180":{"start":{"line":181,"column":0},"end":{"line":181,"column":56}},"181":{"start":{"line":182,"column":0},"end":{"line":182,"column":5}},"184":{"start":{"line":185,"column":0},"end":{"line":185,"column":57}},"185":{"start":{"line":186,"column":0},"end":{"line":186,"column":57}},"186":{"start":{"line":187,"column":0},"end":{"line":187,"column":5}},"189":{"start":{"line":190,"column":0},"end":{"line":190,"column":68}},"191":{"start":{"line":192,"column":0},"end":{"line":192,"column":67}},"193":{"start":{"line":194,"column":0},"end":{"line":194,"column":62}},"194":{"start":{"line":195,"column":0},"end":{"line":195,"column":91}},"195":{"start":{"line":196,"column":0},"end":{"line":196,"column":7}},"198":{"start":{"line":199,"column":0},"end":{"line":199,"column":26}},"199":{"start":{"line":200,"column":0},"end":{"line":200,"column":45}},"200":{"start":{"line":201,"column":0},"end":{"line":201,"column":51}},"201":{"start":{"line":202,"column":0},"end":{"line":202,"column":124}},"202":{"start":{"line":203,"column":0},"end":{"line":203,"column":11}},"203":{"start":{"line":204,"column":0},"end":{"line":204,"column":9}},"204":{"start":{"line":205,"column":0},"end":{"line":205,"column":7}},"207":{"start":{"line":208,"column":0},"end":{"line":208,"column":67}},"208":{"start":{"line":209,"column":0},"end":{"line":209,"column":94}},"209":{"start":{"line":210,"column":0},"end":{"line":210,"column":7}},"210":{"start":{"line":211,"column":0},"end":{"line":211,"column":5}},"213":{"start":{"line":214,"column":0},"end":{"line":214,"column":45}},"214":{"start":{"line":215,"column":0},"end":{"line":215,"column":76}},"215":{"start":{"line":216,"column":0},"end":{"line":216,"column":40}},"216":{"start":{"line":217,"column":0},"end":{"line":217,"column":81}},"217":{"start":{"line":218,"column":0},"end":{"line":218,"column":9}},"218":{"start":{"line":219,"column":0},"end":{"line":219,"column":7}},"219":{"start":{"line":220,"column":0},"end":{"line":220,"column":5}},"221":{"start":{"line":222,"column":0},"end":{"line":222,"column":12}},"222":{"start":{"line":223,"column":0},"end":{"line":223,"column":33}},"223":{"start":{"line":224,"column":0},"end":{"line":224,"column":13}},"224":{"start":{"line":225,"column":0},"end":{"line":225,"column":15}},"225":{"start":{"line":226,"column":0},"end":{"line":226,"column":5}},"226":{"start":{"line":227,"column":0},"end":{"line":227,"column":3}},"234":{"start":{"line":235,"column":0},"end":{"line":235,"column":59}},"235":{"start":{"line":236,"column":0},"end":{"line":236,"column":41}},"236":{"start":{"line":237,"column":0},"end":{"line":237,"column":3}},"244":{"start":{"line":245,"column":0},"end":{"line":245,"column":66}},"245":{"start":{"line":246,"column":0},"end":{"line":246,"column":65}},"246":{"start":{"line":247,"column":0},"end":{"line":247,"column":3}},"253":{"start":{"line":254,"column":0},"end":{"line":254,"column":47}},"254":{"start":{"line":255,"column":0},"end":{"line":255,"column":47}},"255":{"start":{"line":256,"column":0},"end":{"line":256,"column":42}},"258":{"start":{"line":259,"column":0},"end":{"line":259,"column":36}},"259":{"start":{"line":260,"column":0},"end":{"line":260,"column":46}},"260":{"start":{"line":261,"column":0},"end":{"line":261,"column":3}},"267":{"start":{"line":268,"column":0},"end":{"line":268,"column":43}},"268":{"start":{"line":269,"column":0},"end":{"line":269,"column":47}},"269":{"start":{"line":270,"column":0},"end":{"line":270,"column":49}},"270":{"start":{"line":271,"column":0},"end":{"line":271,"column":3}},"277":{"start":{"line":278,"column":0},"end":{"line":278,"column":50}},"278":{"start":{"line":279,"column":0},"end":{"line":279,"column":36}},"279":{"start":{"line":280,"column":0},"end":{"line":280,"column":56}},"281":{"start":{"line":282,"column":0},"end":{"line":282,"column":67}},"282":{"start":{"line":283,"column":0},"end":{"line":283,"column":26}},"283":{"start":{"line":284,"column":0},"end":{"line":284,"column":45}},"284":{"start":{"line":285,"column":0},"end":{"line":285,"column":50}},"285":{"start":{"line":286,"column":0},"end":{"line":286,"column":102}},"286":{"start":{"line":287,"column":0},"end":{"line":287,"column":11}},"287":{"start":{"line":288,"column":0},"end":{"line":288,"column":9}},"288":{"start":{"line":289,"column":0},"end":{"line":289,"column":7}},"290":{"start":{"line":291,"column":0},"end":{"line":291,"column":66}},"291":{"start":{"line":292,"column":0},"end":{"line":292,"column":72}},"292":{"start":{"line":293,"column":0},"end":{"line":293,"column":7}},"293":{"start":{"line":294,"column":0},"end":{"line":294,"column":5}},"295":{"start":{"line":296,"column":0},"end":{"line":296,"column":22}},"296":{"start":{"line":297,"column":0},"end":{"line":297,"column":3}},"303":{"start":{"line":304,"column":0},"end":{"line":304,"column":32}},"314":{"start":{"line":315,"column":0},"end":{"line":315,"column":5}},"315":{"start":{"line":316,"column":0},"end":{"line":316,"column":12}},"316":{"start":{"line":317,"column":0},"end":{"line":317,"column":20}},"317":{"start":{"line":318,"column":0},"end":{"line":318,"column":26}},"318":{"start":{"line":319,"column":0},"end":{"line":319,"column":38}},"319":{"start":{"line":320,"column":0},"end":{"line":320,"column":26}},"320":{"start":{"line":321,"column":0},"end":{"line":321,"column":30}},"321":{"start":{"line":322,"column":0},"end":{"line":322,"column":55}},"322":{"start":{"line":323,"column":0},"end":{"line":323,"column":48}},"323":{"start":{"line":324,"column":0},"end":{"line":324,"column":52}},"324":{"start":{"line":325,"column":0},"end":{"line":325,"column":47}},"325":{"start":{"line":326,"column":0},"end":{"line":326,"column":41}},"326":{"start":{"line":327,"column":0},"end":{"line":327,"column":5}},"327":{"start":{"line":328,"column":0},"end":{"line":328,"column":3}},"328":{"start":{"line":329,"column":0},"end":{"line":329,"column":1}},"331":{"start":{"line":332,"column":0},"end":{"line":332,"column":52}},"332":{"start":{"line":333,"column":0},"end":{"line":333,"column":27}},"333":{"start":{"line":334,"column":0},"end":{"line":334,"column":1}}},"s":{"54":1,"55":1,"56":16,"57":16,"58":16,"59":1,"62":1,"63":1,"64":1,"65":1,"66":1,"67":1,"72":1,"78":1,"79":23,"81":23,"82":23,"83":23,"84":1,"85":1,"87":22,"88":23,"95":1,"96":26,"97":3,"98":3,"100":23,"103":23,"104":26,"105":101,"106":6,"107":6,"108":101,"111":26,"112":1,"113":1,"114":26,"115":1,"116":1,"117":26,"118":1,"119":1,"120":26,"121":1,"122":1,"123":26,"124":1,"125":1,"128":12,"129":12,"130":12,"131":26,"132":26,"133":26,"134":26,"135":26,"136":26,"139":26,"140":1,"141":1,"142":12,"143":12,"144":12,"145":12,"146":12,"147":12,"148":12,"149":12,"150":12,"151":26,"152":12,"153":12,"155":12,"156":26,"163":1,"164":7,"165":7,"168":7,"169":1,"170":1,"171":7,"172":1,"173":1,"174":7,"175":0,"176":0,"179":7,"180":2,"181":2,"184":7,"185":2,"186":2,"189":7,"191":7,"193":8,"194":1,"195":1,"198":8,"199":3,"200":4,"201":1,"202":1,"203":4,"204":3,"207":8,"208":0,"209":0,"210":8,"213":7,"214":2,"215":2,"216":1,"217":1,"218":2,"219":2,"221":7,"222":7,"223":7,"224":7,"225":7,"226":7,"234":1,"235":2,"236":2,"244":1,"245":2,"246":2,"253":1,"254":2,"255":2,"258":1,"259":2,"260":2,"267":1,"268":2,"269":2,"270":2,"277":1,"278":3,"279":3,"281":3,"282":6,"283":3,"284":4,"285":1,"286":1,"287":4,"288":3,"290":6,"291":1,"292":1,"293":6,"295":3,"296":3,"303":1,"314":2,"315":2,"316":2,"317":2,"318":2,"319":2,"320":2,"321":2,"322":2,"323":2,"324":2,"325":2,"326":2,"327":2,"328":1,"331":1,"332":37,"333":37},"branchMap":{"0":{"type":"branch","line":56,"loc":{"start":{"line":56,"column":2},"end":{"line":59,"column":3}},"locations":[{"start":{"line":56,"column":2},"end":{"line":59,"column":3}}]},"1":{"type":"branch","line":64,"loc":{"start":{"line":64,"column":2},"end":{"line":67,"column":3}},"locations":[{"start":{"line":64,"column":2},"end":{"line":67,"column":3}}]},"2":{"type":"branch","line":79,"loc":{"start":{"line":79,"column":2},"end":{"line":89,"column":3}},"locations":[{"start":{"line":79,"column":2},"end":{"line":89,"column":3}}]},"3":{"type":"branch","line":84,"loc":{"start":{"line":84,"column":4},"end":{"line":86,"column":5}},"locations":[{"start":{"line":84,"column":4},"end":{"line":86,"column":5}}]},"4":{"type":"branch","line":86,"loc":{"start":{"line":86,"column":4},"end":{"line":88,"column":33}},"locations":[{"start":{"line":86,"column":4},"end":{"line":88,"column":33}}]},"5":{"type":"branch","line":96,"loc":{"start":{"line":96,"column":2},"end":{"line":157,"column":3}},"locations":[{"start":{"line":96,"column":2},"end":{"line":157,"column":3}}]},"6":{"type":"branch","line":97,"loc":{"start":{"line":97,"column":9},"end":{"line":97,"column":43}},"locations":[{"start":{"line":97,"column":9},"end":{"line":97,"column":43}}]},"7":{"type":"branch","line":97,"loc":{"start":{"line":97,"column":43},"end":{"line":99,"column":5}},"locations":[{"start":{"line":97,"column":43},"end":{"line":99,"column":5}}]},"8":{"type":"branch","line":99,"loc":{"start":{"line":99,"column":4},"end":{"line":105,"column":40}},"locations":[{"start":{"line":99,"column":4},"end":{"line":105,"column":40}}]},"9":{"type":"branch","line":105,"loc":{"start":{"line":105,"column":40},"end":{"line":109,"column":5}},"locations":[{"start":{"line":105,"column":40},"end":{"line":109,"column":5}}]},"10":{"type":"branch","line":106,"loc":{"start":{"line":106,"column":27},"end":{"line":108,"column":7}},"locations":[{"start":{"line":106,"column":27},"end":{"line":108,"column":7}}]},"11":{"type":"branch","line":109,"loc":{"start":{"line":109,"column":4},"end":{"line":112,"column":36}},"locations":[{"start":{"line":109,"column":4},"end":{"line":112,"column":36}}]},"12":{"type":"branch","line":112,"loc":{"start":{"line":112,"column":36},"end":{"line":114,"column":5}},"locations":[{"start":{"line":112,"column":36},"end":{"line":114,"column":5}}]},"13":{"type":"branch","line":114,"loc":{"start":{"line":114,"column":4},"end":{"line":115,"column":39}},"locations":[{"start":{"line":114,"column":4},"end":{"line":115,"column":39}}]},"14":{"type":"branch","line":115,"loc":{"start":{"line":115,"column":39},"end":{"line":117,"column":5}},"locations":[{"start":{"line":115,"column":39},"end":{"line":117,"column":5}}]},"15":{"type":"branch","line":117,"loc":{"start":{"line":117,"column":4},"end":{"line":118,"column":39}},"locations":[{"start":{"line":117,"column":4},"end":{"line":118,"column":39}}]},"16":{"type":"branch","line":118,"loc":{"start":{"line":118,"column":39},"end":{"line":120,"column":5}},"locations":[{"start":{"line":118,"column":39},"end":{"line":120,"column":5}}]},"17":{"type":"branch","line":120,"loc":{"start":{"line":120,"column":4},"end":{"line":121,"column":63}},"locations":[{"start":{"line":120,"column":4},"end":{"line":121,"column":63}}]},"18":{"type":"branch","line":121,"loc":{"start":{"line":121,"column":63},"end":{"line":123,"column":5}},"locations":[{"start":{"line":121,"column":63},"end":{"line":123,"column":5}}]},"19":{"type":"branch","line":123,"loc":{"start":{"line":123,"column":4},"end":{"line":124,"column":37}},"locations":[{"start":{"line":123,"column":4},"end":{"line":124,"column":37}}]},"20":{"type":"branch","line":124,"loc":{"start":{"line":124,"column":37},"end":{"line":126,"column":5}},"locations":[{"start":{"line":124,"column":37},"end":{"line":126,"column":5}}]},"21":{"type":"branch","line":126,"loc":{"start":{"line":126,"column":4},"end":{"line":132,"column":75}},"locations":[{"start":{"line":126,"column":4},"end":{"line":132,"column":75}}]},"22":{"type":"branch","line":132,"loc":{"start":{"line":132,"column":61},"end":{"line":132,"column":78}},"locations":[{"start":{"line":132,"column":61},"end":{"line":132,"column":78}}]},"23":{"type":"branch","line":134,"loc":{"start":{"line":134,"column":46},"end":{"line":134,"column":67}},"locations":[{"start":{"line":134,"column":46},"end":{"line":134,"column":67}}]},"24":{"type":"branch","line":134,"loc":{"start":{"line":134,"column":54},"end":{"line":134,"column":70}},"locations":[{"start":{"line":134,"column":54},"end":{"line":134,"column":70}}]},"25":{"type":"branch","line":140,"loc":{"start":{"line":140,"column":44},"end":{"line":142,"column":5}},"locations":[{"start":{"line":140,"column":44},"end":{"line":142,"column":5}}]},"26":{"type":"branch","line":142,"loc":{"start":{"line":142,"column":4},"end":{"line":152,"column":66}},"locations":[{"start":{"line":142,"column":4},"end":{"line":152,"column":66}}]},"27":{"type":"branch","line":152,"loc":{"start":{"line":152,"column":66},"end":{"line":156,"column":17}},"locations":[{"start":{"line":152,"column":66},"end":{"line":156,"column":17}}]},"28":{"type":"branch","line":164,"loc":{"start":{"line":164,"column":2},"end":{"line":227,"column":3}},"locations":[{"start":{"line":164,"column":2},"end":{"line":227,"column":3}}]},"29":{"type":"branch","line":169,"loc":{"start":{"line":169,"column":20},"end":{"line":171,"column":5}},"locations":[{"start":{"line":169,"column":20},"end":{"line":171,"column":5}}]},"30":{"type":"branch","line":172,"loc":{"start":{"line":172,"column":23},"end":{"line":174,"column":5}},"locations":[{"start":{"line":172,"column":23},"end":{"line":174,"column":5}}]},"31":{"type":"branch","line":175,"loc":{"start":{"line":175,"column":23},"end":{"line":177,"column":5}},"locations":[{"start":{"line":175,"column":23},"end":{"line":177,"column":5}}]},"32":{"type":"branch","line":180,"loc":{"start":{"line":180,"column":67},"end":{"line":182,"column":5}},"locations":[{"start":{"line":180,"column":67},"end":{"line":182,"column":5}}]},"33":{"type":"branch","line":185,"loc":{"start":{"line":185,"column":56},"end":{"line":187,"column":5}},"locations":[{"start":{"line":185,"column":56},"end":{"line":187,"column":5}}]},"34":{"type":"branch","line":192,"loc":{"start":{"line":192,"column":66},"end":{"line":211,"column":5}},"locations":[{"start":{"line":192,"column":66},"end":{"line":211,"column":5}}]},"35":{"type":"branch","line":194,"loc":{"start":{"line":194,"column":16},"end":{"line":194,"column":61}},"locations":[{"start":{"line":194,"column":16},"end":{"line":194,"column":61}}]},"36":{"type":"branch","line":194,"loc":{"start":{"line":194,"column":61},"end":{"line":196,"column":7}},"locations":[{"start":{"line":194,"column":61},"end":{"line":196,"column":7}}]},"37":{"type":"branch","line":199,"loc":{"start":{"line":199,"column":25},"end":{"line":205,"column":7}},"locations":[{"start":{"line":199,"column":25},"end":{"line":205,"column":7}}]},"38":{"type":"branch","line":200,"loc":{"start":{"line":200,"column":44},"end":{"line":204,"column":9}},"locations":[{"start":{"line":200,"column":44},"end":{"line":204,"column":9}}]},"39":{"type":"branch","line":201,"loc":{"start":{"line":201,"column":50},"end":{"line":203,"column":11}},"locations":[{"start":{"line":201,"column":50},"end":{"line":203,"column":11}}]},"40":{"type":"branch","line":208,"loc":{"start":{"line":208,"column":16},"end":{"line":208,"column":66}},"locations":[{"start":{"line":208,"column":16},"end":{"line":208,"column":66}}]},"41":{"type":"branch","line":208,"loc":{"start":{"line":208,"column":66},"end":{"line":210,"column":7}},"locations":[{"start":{"line":208,"column":66},"end":{"line":210,"column":7}}]},"42":{"type":"branch","line":214,"loc":{"start":{"line":214,"column":15},"end":{"line":214,"column":44}},"locations":[{"start":{"line":214,"column":15},"end":{"line":214,"column":44}}]},"43":{"type":"branch","line":214,"loc":{"start":{"line":214,"column":44},"end":{"line":220,"column":5}},"locations":[{"start":{"line":214,"column":44},"end":{"line":220,"column":5}}]},"44":{"type":"branch","line":216,"loc":{"start":{"line":216,"column":39},"end":{"line":218,"column":9}},"locations":[{"start":{"line":216,"column":39},"end":{"line":218,"column":9}}]},"45":{"type":"branch","line":190,"loc":{"start":{"line":190,"column":55},"end":{"line":190,"column":66}},"locations":[{"start":{"line":190,"column":55},"end":{"line":190,"column":66}}]},"46":{"type":"branch","line":235,"loc":{"start":{"line":235,"column":2},"end":{"line":237,"column":3}},"locations":[{"start":{"line":235,"column":2},"end":{"line":237,"column":3}}]},"47":{"type":"branch","line":236,"loc":{"start":{"line":236,"column":32},"end":{"line":236,"column":41}},"locations":[{"start":{"line":236,"column":32},"end":{"line":236,"column":41}}]},"48":{"type":"branch","line":245,"loc":{"start":{"line":245,"column":2},"end":{"line":247,"column":3}},"locations":[{"start":{"line":245,"column":2},"end":{"line":247,"column":3}}]},"49":{"type":"branch","line":246,"loc":{"start":{"line":246,"column":56},"end":{"line":246,"column":65}},"locations":[{"start":{"line":246,"column":56},"end":{"line":246,"column":65}}]},"50":{"type":"branch","line":246,"loc":{"start":{"line":246,"column":34},"end":{"line":246,"column":56}},"locations":[{"start":{"line":246,"column":34},"end":{"line":246,"column":56}}]},"51":{"type":"branch","line":254,"loc":{"start":{"line":254,"column":2},"end":{"line":261,"column":3}},"locations":[{"start":{"line":254,"column":2},"end":{"line":261,"column":3}}]},"52":{"type":"branch","line":256,"loc":{"start":{"line":256,"column":31},"end":{"line":260,"column":42}},"locations":[{"start":{"line":256,"column":31},"end":{"line":260,"column":42}}]},"53":{"type":"branch","line":260,"loc":{"start":{"line":260,"column":37},"end":{"line":260,"column":46}},"locations":[{"start":{"line":260,"column":37},"end":{"line":260,"column":46}}]},"54":{"type":"branch","line":268,"loc":{"start":{"line":268,"column":2},"end":{"line":271,"column":3}},"locations":[{"start":{"line":268,"column":2},"end":{"line":271,"column":3}}]},"55":{"type":"branch","line":270,"loc":{"start":{"line":270,"column":29},"end":{"line":270,"column":47}},"locations":[{"start":{"line":270,"column":29},"end":{"line":270,"column":47}}]},"56":{"type":"branch","line":270,"loc":{"start":{"line":270,"column":43},"end":{"line":270,"column":49}},"locations":[{"start":{"line":270,"column":43},"end":{"line":270,"column":49}}]},"57":{"type":"branch","line":278,"loc":{"start":{"line":278,"column":2},"end":{"line":297,"column":3}},"locations":[{"start":{"line":278,"column":2},"end":{"line":297,"column":3}}]},"58":{"type":"branch","line":282,"loc":{"start":{"line":282,"column":66},"end":{"line":294,"column":5}},"locations":[{"start":{"line":282,"column":66},"end":{"line":294,"column":5}}]},"59":{"type":"branch","line":283,"loc":{"start":{"line":283,"column":25},"end":{"line":289,"column":7}},"locations":[{"start":{"line":283,"column":25},"end":{"line":289,"column":7}}]},"60":{"type":"branch","line":284,"loc":{"start":{"line":284,"column":44},"end":{"line":288,"column":9}},"locations":[{"start":{"line":284,"column":44},"end":{"line":288,"column":9}}]},"61":{"type":"branch","line":285,"loc":{"start":{"line":285,"column":49},"end":{"line":287,"column":11}},"locations":[{"start":{"line":285,"column":49},"end":{"line":287,"column":11}}]},"62":{"type":"branch","line":291,"loc":{"start":{"line":291,"column":16},"end":{"line":291,"column":65}},"locations":[{"start":{"line":291,"column":16},"end":{"line":291,"column":65}}]},"63":{"type":"branch","line":291,"loc":{"start":{"line":291,"column":65},"end":{"line":293,"column":7}},"locations":[{"start":{"line":291,"column":65},"end":{"line":293,"column":7}}]},"64":{"type":"branch","line":304,"loc":{"start":{"line":304,"column":2},"end":{"line":328,"column":3}},"locations":[{"start":{"line":304,"column":2},"end":{"line":328,"column":3}}]},"65":{"type":"branch","line":321,"loc":{"start":{"line":321,"column":19},"end":{"line":321,"column":30}},"locations":[{"start":{"line":321,"column":19},"end":{"line":321,"column":30}}]},"66":{"type":"branch","line":322,"loc":{"start":{"line":322,"column":32},"end":{"line":322,"column":55}},"locations":[{"start":{"line":322,"column":32},"end":{"line":322,"column":55}}]},"67":{"type":"branch","line":323,"loc":{"start":{"line":323,"column":25},"end":{"line":323,"column":48}},"locations":[{"start":{"line":323,"column":25},"end":{"line":323,"column":48}}]},"68":{"type":"branch","line":332,"loc":{"start":{"line":332,"column":7},"end":{"line":334,"column":1}},"locations":[{"start":{"line":332,"column":7},"end":{"line":334,"column":1}}]}},"b":{"0":[16],"1":[1],"2":[23],"3":[1],"4":[22],"5":[26],"6":[25],"7":[3],"8":[23],"9":[101],"10":[6],"11":[17],"12":[1],"13":[16],"14":[1],"15":[15],"16":[1],"17":[14],"18":[1],"19":[13],"20":[1],"21":[12],"22":[0],"23":[12],"24":[0],"25":[1],"26":[12],"27":[12],"28":[7],"29":[1],"30":[1],"31":[0],"32":[2],"33":[2],"34":[8],"35":[2],"36":[1],"37":[3],"38":[4],"39":[1],"40":[0],"41":[0],"42":[2],"43":[2],"44":[1],"45":[1],"46":[2],"47":[1],"48":[2],"49":[1],"50":[2],"51":[2],"52":[1],"53":[0],"54":[2],"55":[1],"56":[1],"57":[3],"58":[6],"59":[3],"60":[4],"61":[1],"62":[1],"63":[1],"64":[2],"65":[1],"66":[1],"67":[1],"68":[37]},"fnMap":{"0":{"name":"ScriptParseError","decl":{"start":{"line":56,"column":2},"end":{"line":59,"column":3}},"loc":{"start":{"line":56,"column":2},"end":{"line":59,"column":3}},"line":56},"1":{"name":"ScriptValidationError","decl":{"start":{"line":64,"column":2},"end":{"line":67,"column":3}},"loc":{"start":{"line":64,"column":2},"end":{"line":67,"column":3}},"line":64},"2":{"name":"parse","decl":{"start":{"line":79,"column":2},"end":{"line":89,"column":3}},"loc":{"start":{"line":79,"column":2},"end":{"line":89,"column":3}},"line":79},"3":{"name":"parseObject","decl":{"start":{"line":96,"column":2},"end":{"line":157,"column":3}},"loc":{"start":{"line":96,"column":2},"end":{"line":157,"column":3}},"line":96},"4":{"name":"validate","decl":{"start":{"line":164,"column":2},"end":{"line":227,"column":3}},"loc":{"start":{"line":164,"column":2},"end":{"line":227,"column":3}},"line":164},"5":{"name":"getScene","decl":{"start":{"line":235,"column":2},"end":{"line":237,"column":3}},"loc":{"start":{"line":235,"column":2},"end":{"line":237,"column":3}},"line":235},"6":{"name":"getCharacter","decl":{"start":{"line":245,"column":2},"end":{"line":247,"column":3}},"loc":{"start":{"line":245,"column":2},"end":{"line":247,"column":3}},"line":245},"7":{"name":"getStartScene","decl":{"start":{"line":254,"column":2},"end":{"line":261,"column":3}},"loc":{"start":{"line":254,"column":2},"end":{"line":261,"column":3}},"line":254},"8":{"name":"getStartSceneId","decl":{"start":{"line":268,"column":2},"end":{"line":271,"column":3}},"loc":{"start":{"line":268,"column":2},"end":{"line":271,"column":3}},"line":268},"9":{"name":"checkSceneReferences","decl":{"start":{"line":278,"column":2},"end":{"line":297,"column":3}},"loc":{"start":{"line":278,"column":2},"end":{"line":297,"column":3}},"line":278},"10":{"name":"getMetadata","decl":{"start":{"line":304,"column":2},"end":{"line":328,"column":3}},"loc":{"start":{"line":304,"column":2},"end":{"line":328,"column":3}},"line":304},"11":{"name":"createScriptParser","decl":{"start":{"line":332,"column":7},"end":{"line":334,"column":1}},"loc":{"start":{"line":332,"column":7},"end":{"line":334,"column":1}},"line":332}},"f":{"0":16,"1":1,"2":23,"3":26,"4":7,"5":2,"6":2,"7":2,"8":2,"9":3,"10":2,"11":37}}
,"/Users/chigao/Work/github/ai-story-game/src/lib/game/state-manager.ts": {"path":"/Users/chigao/Work/github/ai-story-game/src/lib/game/state-manager.ts","all":false,"statementMap":{"27":{"start":{"line":28,"column":0},"end":{"line":28,"column":78}},"28":{"start":{"line":29,"column":0},"end":{"line":29,"column":31}},"31":{"start":{"line":32,"column":0},"end":{"line":32,"column":47}},"32":{"start":{"line":33,"column":0},"end":{"line":33,"column":53}},"34":{"start":{"line":35,"column":0},"end":{"line":35,"column":33}},"36":{"start":{"line":37,"column":0},"end":{"line":37,"column":72}},"37":{"start":{"line":38,"column":0},"end":{"line":38,"column":69}},"38":{"start":{"line":39,"column":0},"end":{"line":39,"column":74}},"39":{"start":{"line":40,"column":0},"end":{"line":40,"column":5}},"42":{"start":{"line":43,"column":0},"end":{"line":43,"column":30}},"43":{"start":{"line":44,"column":0},"end":{"line":44,"column":52}},"44":{"start":{"line":45,"column":0},"end":{"line":45,"column":62}},"46":{"start":{"line":47,"column":0},"end":{"line":47,"column":91}},"47":{"start":{"line":48,"column":0},"end":{"line":48,"column":5}},"48":{"start":{"line":49,"column":0},"end":{"line":49,"column":3}},"50":{"start":{"line":51,"column":0},"end":{"line":51,"column":17}},"51":{"start":{"line":52,"column":0},"end":{"line":52,"column":1}},"59":{"start":{"line":60,"column":0},"end":{"line":60,"column":84}},"60":{"start":{"line":61,"column":0},"end":{"line":61,"column":39}},"62":{"start":{"line":63,"column":0},"end":{"line":63,"column":58}},"64":{"start":{"line":65,"column":0},"end":{"line":65,"column":61}},"65":{"start":{"line":66,"column":0},"end":{"line":66,"column":16}},"66":{"start":{"line":67,"column":0},"end":{"line":67,"column":3}},"68":{"start":{"line":69,"column":0},"end":{"line":69,"column":61}},"69":{"start":{"line":70,"column":0},"end":{"line":70,"column":16}},"70":{"start":{"line":71,"column":0},"end":{"line":71,"column":3}},"72":{"start":{"line":73,"column":0},"end":{"line":73,"column":13}},"73":{"start":{"line":74,"column":0},"end":{"line":74,"column":1}},"81":{"start":{"line":82,"column":0},"end":{"line":82,"column":87}},"82":{"start":{"line":83,"column":0},"end":{"line":83,"column":37}},"83":{"start":{"line":84,"column":0},"end":{"line":84,"column":38}},"84":{"start":{"line":85,"column":0},"end":{"line":85,"column":53}},"85":{"start":{"line":86,"column":0},"end":{"line":86,"column":4}},"86":{"start":{"line":87,"column":0},"end":{"line":87,"column":1}},"94":{"start":{"line":95,"column":0},"end":{"line":95,"column":81}},"95":{"start":{"line":96,"column":0},"end":{"line":96,"column":37}},"97":{"start":{"line":98,"column":0},"end":{"line":98,"column":33}},"98":{"start":{"line":99,"column":0},"end":{"line":99,"column":22}},"100":{"start":{"line":101,"column":0},"end":{"line":101,"column":71}},"101":{"start":{"line":102,"column":0},"end":{"line":102,"column":47}},"103":{"start":{"line":104,"column":0},"end":{"line":104,"column":65}},"104":{"start":{"line":105,"column":0},"end":{"line":105,"column":23}},"105":{"start":{"line":106,"column":0},"end":{"line":106,"column":13}},"106":{"start":{"line":107,"column":0},"end":{"line":107,"column":7}},"108":{"start":{"line":109,"column":0},"end":{"line":109,"column":65}},"109":{"start":{"line":110,"column":0},"end":{"line":110,"column":23}},"110":{"start":{"line":111,"column":0},"end":{"line":111,"column":13}},"111":{"start":{"line":112,"column":0},"end":{"line":112,"column":7}},"112":{"start":{"line":113,"column":0},"end":{"line":113,"column":5}},"114":{"start":{"line":115,"column":0},"end":{"line":115,"column":18}},"115":{"start":{"line":116,"column":0},"end":{"line":116,"column":33}},"116":{"start":{"line":117,"column":0},"end":{"line":117,"column":5}},"117":{"start":{"line":118,"column":0},"end":{"line":118,"column":3}},"120":{"start":{"line":121,"column":0},"end":{"line":121,"column":61}},"121":{"start":{"line":122,"column":0},"end":{"line":122,"column":1}},"129":{"start":{"line":130,"column":0},"end":{"line":130,"column":79}},"130":{"start":{"line":131,"column":0},"end":{"line":131,"column":45}},"131":{"start":{"line":132,"column":0},"end":{"line":132,"column":1}},"139":{"start":{"line":140,"column":0},"end":{"line":140,"column":80}},"140":{"start":{"line":141,"column":0},"end":{"line":141,"column":46}},"141":{"start":{"line":142,"column":0},"end":{"line":142,"column":1}},"150":{"start":{"line":151,"column":0},"end":{"line":151,"column":97}},"151":{"start":{"line":152,"column":0},"end":{"line":152,"column":10}},"152":{"start":{"line":153,"column":0},"end":{"line":153,"column":13}},"153":{"start":{"line":154,"column":0},"end":{"line":154,"column":17}},"154":{"start":{"line":155,"column":0},"end":{"line":155,"column":26}},"155":{"start":{"line":156,"column":0},"end":{"line":156,"column":29}},"156":{"start":{"line":157,"column":0},"end":{"line":157,"column":6}},"157":{"start":{"line":158,"column":0},"end":{"line":158,"column":3}},"158":{"start":{"line":159,"column":0},"end":{"line":159,"column":1}},"167":{"start":{"line":168,"column":0},"end":{"line":168,"column":98}},"169":{"start":{"line":170,"column":0},"end":{"line":170,"column":59}},"171":{"start":{"line":172,"column":0},"end":{"line":172,"column":10}},"172":{"start":{"line":173,"column":0},"end":{"line":173,"column":13}},"173":{"start":{"line":174,"column":0},"end":{"line":174,"column":20}},"174":{"start":{"line":175,"column":0},"end":{"line":175,"column":29}},"175":{"start":{"line":176,"column":0},"end":{"line":176,"column":34}},"176":{"start":{"line":177,"column":0},"end":{"line":177,"column":6}},"177":{"start":{"line":178,"column":0},"end":{"line":178,"column":3}},"178":{"start":{"line":179,"column":0},"end":{"line":179,"column":1}},"187":{"start":{"line":188,"column":0},"end":{"line":188,"column":35}},"188":{"start":{"line":189,"column":0},"end":{"line":189,"column":19}},"189":{"start":{"line":190,"column":0},"end":{"line":190,"column":49}},"190":{"start":{"line":191,"column":0},"end":{"line":191,"column":51}},"191":{"start":{"line":192,"column":0},"end":{"line":192,"column":14}},"192":{"start":{"line":193,"column":0},"end":{"line":193,"column":10}},"193":{"start":{"line":194,"column":0},"end":{"line":194,"column":13}},"194":{"start":{"line":195,"column":0},"end":{"line":195,"column":21}},"195":{"start":{"line":196,"column":0},"end":{"line":196,"column":41}},"196":{"start":{"line":197,"column":0},"end":{"line":197,"column":47}},"197":{"start":{"line":198,"column":0},"end":{"line":198,"column":16}},"198":{"start":{"line":199,"column":0},"end":{"line":199,"column":26}},"199":{"start":{"line":200,"column":0},"end":{"line":200,"column":3}},"200":{"start":{"line":201,"column":0},"end":{"line":201,"column":1}},"207":{"start":{"line":208,"column":0},"end":{"line":208,"column":57}},"208":{"start":{"line":209,"column":0},"end":{"line":209,"column":10}},"209":{"start":{"line":210,"column":0},"end":{"line":210,"column":29}},"210":{"start":{"line":211,"column":0},"end":{"line":211,"column":37}},"211":{"start":{"line":212,"column":0},"end":{"line":212,"column":40}},"212":{"start":{"line":213,"column":0},"end":{"line":213,"column":46}},"213":{"start":{"line":214,"column":0},"end":{"line":214,"column":58}},"214":{"start":{"line":215,"column":0},"end":{"line":215,"column":31}},"215":{"start":{"line":216,"column":0},"end":{"line":216,"column":3}},"216":{"start":{"line":217,"column":0},"end":{"line":217,"column":1}}},"s":{"27":1,"28":16,"31":16,"32":16,"34":16,"36":17,"37":13,"38":13,"39":13,"42":17,"43":4,"44":4,"46":4,"47":4,"48":17,"50":16,"51":16,"59":1,"60":14,"62":14,"64":14,"65":5,"66":5,"68":14,"69":1,"70":1,"72":7,"73":7,"81":1,"82":2,"83":6,"84":2,"85":2,"86":2,"94":1,"95":17,"97":17,"98":18,"100":18,"101":18,"103":18,"104":9,"105":9,"106":9,"108":18,"109":0,"110":0,"111":0,"112":18,"114":18,"115":9,"116":9,"117":18,"120":17,"121":17,"129":1,"130":2,"131":2,"139":1,"140":2,"141":2,"150":1,"151":3,"152":3,"153":3,"154":3,"155":3,"156":3,"157":3,"158":3,"167":1,"169":3,"171":3,"172":3,"173":3,"174":3,"175":3,"176":3,"177":3,"178":3,"187":1,"188":26,"189":26,"190":26,"191":26,"192":26,"193":26,"194":26,"195":26,"196":26,"197":26,"198":26,"199":26,"200":26,"207":1,"208":34,"209":34,"210":34,"211":34,"212":34,"213":34,"214":34,"215":34,"216":34},"branchMap":{"0":{"type":"branch","line":28,"loc":{"start":{"line":28,"column":7},"end":{"line":52,"column":1}},"locations":[{"start":{"line":28,"column":7},"end":{"line":52,"column":1}}]},"1":{"type":"branch","line":35,"loc":{"start":{"line":35,"column":32},"end":{"line":49,"column":3}},"locations":[{"start":{"line":35,"column":32},"end":{"line":49,"column":3}}]},"2":{"type":"branch","line":37,"loc":{"start":{"line":37,"column":29},"end":{"line":37,"column":71}},"locations":[{"start":{"line":37,"column":29},"end":{"line":37,"column":71}}]},"3":{"type":"branch","line":37,"loc":{"start":{"line":37,"column":71},"end":{"line":40,"column":5}},"locations":[{"start":{"line":37,"column":71},"end":{"line":40,"column":5}}]},"4":{"type":"branch","line":38,"loc":{"start":{"line":38,"column":63},"end":{"line":38,"column":69}},"locations":[{"start":{"line":38,"column":63},"end":{"line":38,"column":69}}]},"5":{"type":"branch","line":43,"loc":{"start":{"line":43,"column":29},"end":{"line":48,"column":5}},"locations":[{"start":{"line":43,"column":29},"end":{"line":48,"column":5}}]},"6":{"type":"branch","line":45,"loc":{"start":{"line":45,"column":56},"end":{"line":45,"column":62}},"locations":[{"start":{"line":45,"column":56},"end":{"line":45,"column":62}}]},"7":{"type":"branch","line":60,"loc":{"start":{"line":60,"column":7},"end":{"line":74,"column":1}},"locations":[{"start":{"line":60,"column":7},"end":{"line":74,"column":1}}]},"8":{"type":"branch","line":61,"loc":{"start":{"line":61,"column":28},"end":{"line":61,"column":39}},"locations":[{"start":{"line":61,"column":28},"end":{"line":61,"column":39}}]},"9":{"type":"branch","line":61,"loc":{"start":{"line":61,"column":35},"end":{"line":63,"column":57}},"locations":[{"start":{"line":61,"column":35},"end":{"line":63,"column":57}}]},"10":{"type":"branch","line":63,"loc":{"start":{"line":63,"column":52},"end":{"line":63,"column":58}},"locations":[{"start":{"line":63,"column":52},"end":{"line":63,"column":58}}]},"11":{"type":"branch","line":65,"loc":{"start":{"line":65,"column":24},"end":{"line":65,"column":60}},"locations":[{"start":{"line":65,"column":24},"end":{"line":65,"column":60}}]},"12":{"type":"branch","line":65,"loc":{"start":{"line":65,"column":60},"end":{"line":67,"column":3}},"locations":[{"start":{"line":65,"column":60},"end":{"line":67,"column":3}}]},"13":{"type":"branch","line":67,"loc":{"start":{"line":67,"column":2},"end":{"line":69,"column":37}},"locations":[{"start":{"line":67,"column":2},"end":{"line":69,"column":37}}]},"14":{"type":"branch","line":69,"loc":{"start":{"line":69,"column":24},"end":{"line":69,"column":60}},"locations":[{"start":{"line":69,"column":24},"end":{"line":69,"column":60}}]},"15":{"type":"branch","line":69,"loc":{"start":{"line":69,"column":60},"end":{"line":71,"column":3}},"locations":[{"start":{"line":69,"column":60},"end":{"line":71,"column":3}}]},"16":{"type":"branch","line":71,"loc":{"start":{"line":71,"column":2},"end":{"line":74,"column":1}},"locations":[{"start":{"line":71,"column":2},"end":{"line":74,"column":1}}]},"17":{"type":"branch","line":82,"loc":{"start":{"line":82,"column":7},"end":{"line":87,"column":1}},"locations":[{"start":{"line":82,"column":7},"end":{"line":87,"column":1}}]},"18":{"type":"branch","line":83,"loc":{"start":{"line":83,"column":24},"end":{"line":86,"column":3}},"locations":[{"start":{"line":83,"column":24},"end":{"line":86,"column":3}}]},"19":{"type":"branch","line":84,"loc":{"start":{"line":84,"column":27},"end":{"line":84,"column":38}},"locations":[{"start":{"line":84,"column":27},"end":{"line":84,"column":38}}]},"20":{"type":"branch","line":84,"loc":{"start":{"line":84,"column":34},"end":{"line":85,"column":53}},"locations":[{"start":{"line":84,"column":34},"end":{"line":85,"column":53}}]},"21":{"type":"branch","line":95,"loc":{"start":{"line":95,"column":7},"end":{"line":122,"column":1}},"locations":[{"start":{"line":95,"column":7},"end":{"line":122,"column":1}}]},"22":{"type":"branch","line":98,"loc":{"start":{"line":98,"column":32},"end":{"line":118,"column":3}},"locations":[{"start":{"line":98,"column":32},"end":{"line":118,"column":3}}]},"23":{"type":"branch","line":102,"loc":{"start":{"line":102,"column":41},"end":{"line":102,"column":47}},"locations":[{"start":{"line":102,"column":41},"end":{"line":102,"column":47}}]},"24":{"type":"branch","line":104,"loc":{"start":{"line":104,"column":64},"end":{"line":109,"column":41}},"locations":[{"start":{"line":104,"column":64},"end":{"line":109,"column":41}}]},"25":{"type":"branch","line":109,"loc":{"start":{"line":109,"column":28},"end":{"line":109,"column":64}},"locations":[{"start":{"line":109,"column":28},"end":{"line":109,"column":64}}]},"26":{"type":"branch","line":109,"loc":{"start":{"line":109,"column":64},"end":{"line":112,"column":7}},"locations":[{"start":{"line":109,"column":64},"end":{"line":112,"column":7}}]},"27":{"type":"branch","line":115,"loc":{"start":{"line":115,"column":17},"end":{"line":117,"column":5}},"locations":[{"start":{"line":115,"column":17},"end":{"line":117,"column":5}}]},"28":{"type":"branch","line":121,"loc":{"start":{"line":121,"column":33},"end":{"line":121,"column":57}},"locations":[{"start":{"line":121,"column":33},"end":{"line":121,"column":57}}]},"29":{"type":"branch","line":121,"loc":{"start":{"line":121,"column":53},"end":{"line":121,"column":61}},"locations":[{"start":{"line":121,"column":53},"end":{"line":121,"column":61}}]},"30":{"type":"branch","line":130,"loc":{"start":{"line":130,"column":7},"end":{"line":132,"column":1}},"locations":[{"start":{"line":130,"column":7},"end":{"line":132,"column":1}}]},"31":{"type":"branch","line":131,"loc":{"start":{"line":131,"column":39},"end":{"line":131,"column":45}},"locations":[{"start":{"line":131,"column":39},"end":{"line":131,"column":45}}]},"32":{"type":"branch","line":140,"loc":{"start":{"line":140,"column":7},"end":{"line":142,"column":1}},"locations":[{"start":{"line":140,"column":7},"end":{"line":142,"column":1}}]},"33":{"type":"branch","line":141,"loc":{"start":{"line":141,"column":40},"end":{"line":141,"column":46}},"locations":[{"start":{"line":141,"column":40},"end":{"line":141,"column":46}}]},"34":{"type":"branch","line":151,"loc":{"start":{"line":151,"column":7},"end":{"line":159,"column":1}},"locations":[{"start":{"line":151,"column":7},"end":{"line":159,"column":1}}]},"35":{"type":"branch","line":168,"loc":{"start":{"line":168,"column":7},"end":{"line":179,"column":1}},"locations":[{"start":{"line":168,"column":7},"end":{"line":179,"column":1}}]},"36":{"type":"branch","line":188,"loc":{"start":{"line":188,"column":7},"end":{"line":201,"column":1}},"locations":[{"start":{"line":188,"column":7},"end":{"line":201,"column":1}}]},"37":{"type":"branch","line":208,"loc":{"start":{"line":208,"column":7},"end":{"line":217,"column":1}},"locations":[{"start":{"line":208,"column":7},"end":{"line":217,"column":1}}]},"38":{"type":"branch","line":214,"loc":{"start":{"line":214,"column":31},"end":{"line":214,"column":56}},"locations":[{"start":{"line":214,"column":31},"end":{"line":214,"column":56}}]}},"b":{"0":[16],"1":[17],"2":[13],"3":[13],"4":[10],"5":[4],"6":[1],"7":[14],"8":[1],"9":[13],"10":[3],"11":[11],"12":[5],"13":[8],"14":[3],"15":[1],"16":[7],"17":[2],"18":[6],"19":[4],"20":[2],"21":[17],"22":[18],"23":[8],"24":[9],"25":[0],"26":[0],"27":[9],"28":[8],"29":[9],"30":[2],"31":[1],"32":[2],"33":[1],"34":[3],"35":[3],"36":[26],"37":[34],"38":[4]},"fnMap":{"0":{"name":"applyEffects","decl":{"start":{"line":28,"column":7},"end":{"line":52,"column":1}},"loc":{"start":{"line":28,"column":7},"end":{"line":52,"column":1}},"line":28},"1":{"name":"evaluateCondition","decl":{"start":{"line":60,"column":7},"end":{"line":74,"column":1}},"loc":{"start":{"line":60,"column":7},"end":{"line":74,"column":1}},"line":60},"2":{"name":"filterAvailableChoices","decl":{"start":{"line":82,"column":7},"end":{"line":87,"column":1}},"loc":{"start":{"line":82,"column":7},"end":{"line":87,"column":1}},"line":82},"3":{"name":"checkEnding","decl":{"start":{"line":95,"column":7},"end":{"line":122,"column":1}},"loc":{"start":{"line":95,"column":7},"end":{"line":122,"column":1}},"line":95},"4":{"name":"getAttribute","decl":{"start":{"line":130,"column":7},"end":{"line":132,"column":1}},"loc":{"start":{"line":130,"column":7},"end":{"line":132,"column":1}},"line":130},"5":{"name":"getRelationship","decl":{"start":{"line":140,"column":7},"end":{"line":142,"column":1}},"loc":{"start":{"line":140,"column":7},"end":{"line":142,"column":1}},"line":140},"6":{"name":"setAttribute","decl":{"start":{"line":151,"column":7},"end":{"line":159,"column":1}},"loc":{"start":{"line":151,"column":7},"end":{"line":159,"column":1}},"line":151},"7":{"name":"setRelationship","decl":{"start":{"line":168,"column":7},"end":{"line":179,"column":1}},"loc":{"start":{"line":168,"column":7},"end":{"line":179,"column":1}},"line":168},"8":{"name":"createInitialState","decl":{"start":{"line":188,"column":7},"end":{"line":201,"column":1}},"loc":{"start":{"line":188,"column":7},"end":{"line":201,"column":1}},"line":188},"9":{"name":"cloneState","decl":{"start":{"line":208,"column":7},"end":{"line":217,"column":1}},"loc":{"start":{"line":208,"column":7},"end":{"line":217,"column":1}},"line":208}},"f":{"0":16,"1":14,"2":2,"3":17,"4":2,"5":2,"6":3,"7":3,"8":26,"9":34}}
}
