{"/Users/chigao/Work/github/ai-story-game/src/lib/game/engine.ts": {"path":"/Users/chigao/Work/github/ai-story-game/src/lib/game/engine.ts","all":false,"statementMap":{"6":{"start":{"line":7,"column":0},"end":{"line":7,"column":8}},"76":{"start":{"line":77,"column":0},"end":{"line":77,"column":25}},"77":{"start":{"line":78,"column":0},"end":{"line":78,"column":38}},"78":{"start":{"line":79,"column":0},"end":{"line":79,"column":40}},"85":{"start":{"line":86,"column":0},"end":{"line":86,"column":50}},"86":{"start":{"line":87,"column":0},"end":{"line":87,"column":24}},"87":{"start":{"line":88,"column":0},"end":{"line":88,"column":57}},"88":{"start":{"line":89,"column":0},"end":{"line":89,"column":40}},"89":{"start":{"line":90,"column":0},"end":{"line":90,"column":63}},"92":{"start":{"line":93,"column":0},"end":{"line":93,"column":50}},"93":{"start":{"line":94,"column":0},"end":{"line":94,"column":52}},"94":{"start":{"line":95,"column":0},"end":{"line":95,"column":58}},"96":{"start":{"line":97,"column":0},"end":{"line":97,"column":73}},"97":{"start":{"line":98,"column":0},"end":{"line":98,"column":42}},"99":{"start":{"line":100,"column":0},"end":{"line":100,"column":33}},"100":{"start":{"line":101,"column":0},"end":{"line":101,"column":3}},"107":{"start":{"line":108,"column":0},"end":{"line":108,"column":71}},"108":{"start":{"line":109,"column":0},"end":{"line":109,"column":24}},"109":{"start":{"line":110,"column":0},"end":{"line":110,"column":39}},"110":{"start":{"line":111,"column":0},"end":{"line":111,"column":3}},"116":{"start":{"line":117,"column":0},"end":{"line":117,"column":35}},"117":{"start":{"line":118,"column":0},"end":{"line":118,"column":48}},"118":{"start":{"line":119,"column":0},"end":{"line":119,"column":62}},"119":{"start":{"line":120,"column":0},"end":{"line":120,"column":50}},"120":{"start":{"line":121,"column":0},"end":{"line":121,"column":3}},"126":{"start":{"line":127,"column":0},"end":{"line":127,"column":26}},"127":{"start":{"line":128,"column":0},"end":{"line":128,"column":40}},"128":{"start":{"line":129,"column":0},"end":{"line":129,"column":34}},"130":{"start":{"line":131,"column":0},"end":{"line":131,"column":30}},"133":{"start":{"line":134,"column":0},"end":{"line":134,"column":45}},"134":{"start":{"line":135,"column":0},"end":{"line":135,"column":40}},"135":{"start":{"line":136,"column":0},"end":{"line":136,"column":61}},"136":{"start":{"line":137,"column":0},"end":{"line":137,"column":6}},"137":{"start":{"line":138,"column":0},"end":{"line":138,"column":3}},"144":{"start":{"line":145,"column":0},"end":{"line":145,"column":71}},"145":{"start":{"line":146,"column":0},"end":{"line":146,"column":48}},"147":{"start":{"line":148,"column":0},"end":{"line":148,"column":37}},"148":{"start":{"line":149,"column":0},"end":{"line":149,"column":57}},"149":{"start":{"line":150,"column":0},"end":{"line":150,"column":28}},"152":{"start":{"line":153,"column":0},"end":{"line":153,"column":47}},"153":{"start":{"line":154,"column":0},"end":{"line":154,"column":39}},"155":{"start":{"line":156,"column":0},"end":{"line":156,"column":23}},"157":{"start":{"line":158,"column":0},"end":{"line":158,"column":56}},"158":{"start":{"line":159,"column":0},"end":{"line":159,"column":61}},"159":{"start":{"line":160,"column":0},"end":{"line":160,"column":46}},"160":{"start":{"line":161,"column":0},"end":{"line":161,"column":7}},"163":{"start":{"line":164,"column":0},"end":{"line":164,"column":31}},"164":{"start":{"line":165,"column":0},"end":{"line":165,"column":33}},"165":{"start":{"line":166,"column":0},"end":{"line":166,"column":32}},"166":{"start":{"line":167,"column":0},"end":{"line":167,"column":28}},"167":{"start":{"line":168,"column":0},"end":{"line":168,"column":30}},"168":{"start":{"line":169,"column":0},"end":{"line":169,"column":8}},"169":{"start":{"line":170,"column":0},"end":{"line":170,"column":5}},"172":{"start":{"line":173,"column":0},"end":{"line":173,"column":48}},"175":{"start":{"line":176,"column":0},"end":{"line":176,"column":51}},"176":{"start":{"line":177,"column":0},"end":{"line":177,"column":56}},"178":{"start":{"line":179,"column":0},"end":{"line":179,"column":17}},"179":{"start":{"line":180,"column":0},"end":{"line":180,"column":14}},"180":{"start":{"line":181,"column":0},"end":{"line":181,"column":23}},"181":{"start":{"line":182,"column":0},"end":{"line":182,"column":15}},"182":{"start":{"line":183,"column":0},"end":{"line":183,"column":32}},"183":{"start":{"line":184,"column":0},"end":{"line":184,"column":7}},"184":{"start":{"line":185,"column":0},"end":{"line":185,"column":5}},"186":{"start":{"line":187,"column":0},"end":{"line":187,"column":44}},"187":{"start":{"line":188,"column":0},"end":{"line":188,"column":12}},"188":{"start":{"line":189,"column":0},"end":{"line":189,"column":23}},"189":{"start":{"line":190,"column":0},"end":{"line":190,"column":36}},"190":{"start":{"line":191,"column":0},"end":{"line":191,"column":30}},"191":{"start":{"line":192,"column":0},"end":{"line":192,"column":5}},"192":{"start":{"line":193,"column":0},"end":{"line":193,"column":3}},"198":{"start":{"line":199,"column":0},"end":{"line":199,"column":32}},"199":{"start":{"line":200,"column":0},"end":{"line":200,"column":48}},"201":{"start":{"line":202,"column":0},"end":{"line":202,"column":51}},"202":{"start":{"line":203,"column":0},"end":{"line":203,"column":53}},"204":{"start":{"line":205,"column":0},"end":{"line":205,"column":48}},"205":{"start":{"line":206,"column":0},"end":{"line":206,"column":3}},"211":{"start":{"line":212,"column":0},"end":{"line":212,"column":32}},"212":{"start":{"line":213,"column":0},"end":{"line":213,"column":32}},"213":{"start":{"line":214,"column":0},"end":{"line":214,"column":33}},"214":{"start":{"line":215,"column":0},"end":{"line":215,"column":3}},"220":{"start":{"line":221,"column":0},"end":{"line":221,"column":29}},"221":{"start":{"line":222,"column":0},"end":{"line":222,"column":29}},"222":{"start":{"line":223,"column":0},"end":{"line":223,"column":65}},"223":{"start":{"line":224,"column":0},"end":{"line":224,"column":3}},"230":{"start":{"line":231,"column":0},"end":{"line":231,"column":47}},"231":{"start":{"line":232,"column":0},"end":{"line":232,"column":29}},"232":{"start":{"line":233,"column":0},"end":{"line":233,"column":52}},"233":{"start":{"line":234,"column":0},"end":{"line":234,"column":3}},"240":{"start":{"line":241,"column":0},"end":{"line":241,"column":48}},"241":{"start":{"line":242,"column":0},"end":{"line":242,"column":29}},"242":{"start":{"line":243,"column":0},"end":{"line":243,"column":53}},"243":{"start":{"line":244,"column":0},"end":{"line":244,"column":3}},"244":{"start":{"line":245,"column":0},"end":{"line":245,"column":1}},"250":{"start":{"line":251,"column":0},"end":{"line":251,"column":48}},"251":{"start":{"line":252,"column":0},"end":{"line":252,"column":25}},"252":{"start":{"line":253,"column":0},"end":{"line":253,"column":1}}},"s":{"6":1,"76":1,"77":61,"78":61,"85":61,"86":41,"87":41,"88":41,"89":41,"92":41,"93":41,"94":41,"96":41,"97":41,"99":41,"100":41,"107":61,"108":5,"109":5,"110":5,"116":61,"117":65,"118":58,"119":65,"120":65,"126":61,"127":29,"128":29,"130":29,"133":25,"134":40,"135":7,"136":25,"137":29,"144":61,"145":20,"147":18,"148":18,"149":20,"152":16,"153":16,"155":16,"157":16,"158":10,"159":10,"160":10,"163":16,"164":16,"165":16,"166":16,"167":16,"168":16,"169":16,"172":16,"175":16,"176":16,"178":20,"179":5,"180":5,"181":5,"182":5,"183":5,"184":5,"186":11,"187":11,"188":11,"189":18,"190":20,"191":20,"192":20,"198":61,"199":8,"201":6,"202":8,"204":4,"205":8,"211":61,"212":13,"213":10,"214":13,"220":61,"221":4,"222":2,"223":4,"230":61,"231":5,"232":5,"233":5,"240":61,"241":3,"242":2,"243":3,"244":61,"250":1,"251":61,"252":61},"branchMap":{"0":{"type":"branch","line":77,"loc":{"start":{"line":77,"column":24},"end":{"line":245,"column":1}},"locations":[{"start":{"line":77,"column":24},"end":{"line":245,"column":1}}]},"1":{"type":"branch","line":86,"loc":{"start":{"line":86,"column":2},"end":{"line":101,"column":3}},"locations":[{"start":{"line":86,"column":2},"end":{"line":101,"column":3}}]},"2":{"type":"branch","line":90,"loc":{"start":{"line":90,"column":43},"end":{"line":90,"column":61}},"locations":[{"start":{"line":90,"column":43},"end":{"line":90,"column":61}}]},"3":{"type":"branch","line":90,"loc":{"start":{"line":90,"column":57},"end":{"line":90,"column":63}},"locations":[{"start":{"line":90,"column":57},"end":{"line":90,"column":63}}]},"4":{"type":"branch","line":93,"loc":{"start":{"line":93,"column":32},"end":{"line":93,"column":50}},"locations":[{"start":{"line":93,"column":32},"end":{"line":93,"column":50}}]},"5":{"type":"branch","line":94,"loc":{"start":{"line":94,"column":36},"end":{"line":94,"column":52}},"locations":[{"start":{"line":94,"column":36},"end":{"line":94,"column":52}}]},"6":{"type":"branch","line":95,"loc":{"start":{"line":95,"column":39},"end":{"line":95,"column":58}},"locations":[{"start":{"line":95,"column":39},"end":{"line":95,"column":58}}]},"7":{"type":"branch","line":108,"loc":{"start":{"line":108,"column":2},"end":{"line":111,"column":3}},"locations":[{"start":{"line":108,"column":2},"end":{"line":111,"column":3}}]},"8":{"type":"branch","line":117,"loc":{"start":{"line":117,"column":2},"end":{"line":121,"column":3}},"locations":[{"start":{"line":117,"column":2},"end":{"line":121,"column":3}}]},"9":{"type":"branch","line":118,"loc":{"start":{"line":118,"column":14},"end":{"line":118,"column":37}},"locations":[{"start":{"line":118,"column":14},"end":{"line":118,"column":37}}]},"10":{"type":"branch","line":118,"loc":{"start":{"line":118,"column":37},"end":{"line":118,"column":48}},"locations":[{"start":{"line":118,"column":37},"end":{"line":118,"column":48}}]},"11":{"type":"branch","line":118,"loc":{"start":{"line":118,"column":44},"end":{"line":120,"column":46}},"locations":[{"start":{"line":118,"column":44},"end":{"line":120,"column":46}}]},"12":{"type":"branch","line":120,"loc":{"start":{"line":120,"column":41},"end":{"line":120,"column":50}},"locations":[{"start":{"line":120,"column":41},"end":{"line":120,"column":50}}]},"13":{"type":"branch","line":127,"loc":{"start":{"line":127,"column":2},"end":{"line":138,"column":3}},"locations":[{"start":{"line":127,"column":2},"end":{"line":138,"column":3}}]},"14":{"type":"branch","line":129,"loc":{"start":{"line":129,"column":9},"end":{"line":129,"column":25}},"locations":[{"start":{"line":129,"column":9},"end":{"line":129,"column":25}}]},"15":{"type":"branch","line":129,"loc":{"start":{"line":129,"column":25},"end":{"line":131,"column":28}},"locations":[{"start":{"line":129,"column":25},"end":{"line":131,"column":28}}]},"16":{"type":"branch","line":129,"loc":{"start":{"line":129,"column":25},"end":{"line":129,"column":34}},"locations":[{"start":{"line":129,"column":25},"end":{"line":129,"column":34}}]},"17":{"type":"branch","line":129,"loc":{"start":{"line":129,"column":33},"end":{"line":131,"column":28}},"locations":[{"start":{"line":129,"column":33},"end":{"line":131,"column":28}}]},"18":{"type":"branch","line":131,"loc":{"start":{"line":131,"column":21},"end":{"line":131,"column":30}},"locations":[{"start":{"line":131,"column":21},"end":{"line":131,"column":30}}]},"19":{"type":"branch","line":131,"loc":{"start":{"line":131,"column":29},"end":{"line":137,"column":6}},"locations":[{"start":{"line":131,"column":29},"end":{"line":137,"column":6}}]},"20":{"type":"branch","line":134,"loc":{"start":{"line":134,"column":32},"end":{"line":137,"column":5}},"locations":[{"start":{"line":134,"column":32},"end":{"line":137,"column":5}}]},"21":{"type":"branch","line":135,"loc":{"start":{"line":135,"column":29},"end":{"line":135,"column":40}},"locations":[{"start":{"line":135,"column":29},"end":{"line":135,"column":40}}]},"22":{"type":"branch","line":135,"loc":{"start":{"line":135,"column":36},"end":{"line":136,"column":61}},"locations":[{"start":{"line":135,"column":36},"end":{"line":136,"column":61}}]},"23":{"type":"branch","line":145,"loc":{"start":{"line":145,"column":2},"end":{"line":193,"column":3}},"locations":[{"start":{"line":145,"column":2},"end":{"line":193,"column":3}}]},"24":{"type":"branch","line":146,"loc":{"start":{"line":146,"column":14},"end":{"line":146,"column":37}},"locations":[{"start":{"line":146,"column":14},"end":{"line":146,"column":37}}]},"25":{"type":"branch","line":146,"loc":{"start":{"line":146,"column":37},"end":{"line":150,"column":24}},"locations":[{"start":{"line":146,"column":37},"end":{"line":150,"column":24}}]},"26":{"type":"branch","line":146,"loc":{"start":{"line":146,"column":37},"end":{"line":146,"column":48}},"locations":[{"start":{"line":146,"column":37},"end":{"line":146,"column":48}}]},"27":{"type":"branch","line":146,"loc":{"start":{"line":146,"column":44},"end":{"line":150,"column":24}},"locations":[{"start":{"line":146,"column":44},"end":{"line":150,"column":24}}]},"28":{"type":"branch","line":150,"loc":{"start":{"line":150,"column":17},"end":{"line":150,"column":28}},"locations":[{"start":{"line":150,"column":17},"end":{"line":150,"column":28}}]},"29":{"type":"branch","line":150,"loc":{"start":{"line":150,"column":24},"end":{"line":179,"column":16}},"locations":[{"start":{"line":150,"column":24},"end":{"line":179,"column":16}}]},"30":{"type":"branch","line":158,"loc":{"start":{"line":158,"column":17},"end":{"line":158,"column":55}},"locations":[{"start":{"line":158,"column":17},"end":{"line":158,"column":55}}]},"31":{"type":"branch","line":158,"loc":{"start":{"line":158,"column":55},"end":{"line":161,"column":7}},"locations":[{"start":{"line":158,"column":55},"end":{"line":161,"column":7}}]},"32":{"type":"branch","line":179,"loc":{"start":{"line":179,"column":16},"end":{"line":185,"column":5}},"locations":[{"start":{"line":179,"column":16},"end":{"line":185,"column":5}}]},"33":{"type":"branch","line":185,"loc":{"start":{"line":185,"column":4},"end":{"line":190,"column":36}},"locations":[{"start":{"line":185,"column":4},"end":{"line":190,"column":36}}]},"34":{"type":"branch","line":185,"loc":{"start":{"line":185,"column":4},"end":{"line":190,"column":26}},"locations":[{"start":{"line":185,"column":4},"end":{"line":190,"column":26}}]},"35":{"type":"branch","line":190,"loc":{"start":{"line":190,"column":13},"end":{"line":190,"column":36}},"locations":[{"start":{"line":190,"column":13},"end":{"line":190,"column":36}}]},"36":{"type":"branch","line":149,"loc":{"start":{"line":149,"column":32},"end":{"line":149,"column":56}},"locations":[{"start":{"line":149,"column":32},"end":{"line":149,"column":56}}]},"37":{"type":"branch","line":199,"loc":{"start":{"line":199,"column":2},"end":{"line":206,"column":3}},"locations":[{"start":{"line":199,"column":2},"end":{"line":206,"column":3}}]},"38":{"type":"branch","line":200,"loc":{"start":{"line":200,"column":14},"end":{"line":200,"column":37}},"locations":[{"start":{"line":200,"column":14},"end":{"line":200,"column":37}}]},"39":{"type":"branch","line":200,"loc":{"start":{"line":200,"column":37},"end":{"line":200,"column":48}},"locations":[{"start":{"line":200,"column":37},"end":{"line":200,"column":48}}]},"40":{"type":"branch","line":200,"loc":{"start":{"line":200,"column":44},"end":{"line":203,"column":42}},"locations":[{"start":{"line":200,"column":44},"end":{"line":203,"column":42}}]},"41":{"type":"branch","line":200,"loc":{"start":{"line":200,"column":44},"end":{"line":203,"column":20}},"locations":[{"start":{"line":200,"column":44},"end":{"line":203,"column":20}}]},"42":{"type":"branch","line":203,"loc":{"start":{"line":203,"column":9},"end":{"line":203,"column":42}},"locations":[{"start":{"line":203,"column":9},"end":{"line":203,"column":42}}]},"43":{"type":"branch","line":203,"loc":{"start":{"line":203,"column":42},"end":{"line":203,"column":53}},"locations":[{"start":{"line":203,"column":42},"end":{"line":203,"column":53}}]},"44":{"type":"branch","line":203,"loc":{"start":{"line":203,"column":49},"end":{"line":205,"column":48}},"locations":[{"start":{"line":203,"column":49},"end":{"line":205,"column":48}}]},"45":{"type":"branch","line":212,"loc":{"start":{"line":212,"column":2},"end":{"line":215,"column":3}},"locations":[{"start":{"line":212,"column":2},"end":{"line":215,"column":3}}]},"46":{"type":"branch","line":213,"loc":{"start":{"line":213,"column":21},"end":{"line":214,"column":33}},"locations":[{"start":{"line":213,"column":21},"end":{"line":214,"column":33}}]},"47":{"type":"branch","line":213,"loc":{"start":{"line":213,"column":21},"end":{"line":213,"column":32}},"locations":[{"start":{"line":213,"column":21},"end":{"line":213,"column":32}}]},"48":{"type":"branch","line":213,"loc":{"start":{"line":213,"column":28},"end":{"line":214,"column":33}},"locations":[{"start":{"line":213,"column":28},"end":{"line":214,"column":33}}]},"49":{"type":"branch","line":221,"loc":{"start":{"line":221,"column":2},"end":{"line":224,"column":3}},"locations":[{"start":{"line":221,"column":2},"end":{"line":224,"column":3}}]},"50":{"type":"branch","line":222,"loc":{"start":{"line":222,"column":21},"end":{"line":223,"column":65}},"locations":[{"start":{"line":222,"column":21},"end":{"line":223,"column":65}}]},"51":{"type":"branch","line":231,"loc":{"start":{"line":231,"column":2},"end":{"line":234,"column":3}},"locations":[{"start":{"line":231,"column":2},"end":{"line":234,"column":3}}]},"52":{"type":"branch","line":232,"loc":{"start":{"line":232,"column":21},"end":{"line":232,"column":29}},"locations":[{"start":{"line":232,"column":21},"end":{"line":232,"column":29}}]},"53":{"type":"branch","line":232,"loc":{"start":{"line":232,"column":28},"end":{"line":233,"column":51}},"locations":[{"start":{"line":232,"column":28},"end":{"line":233,"column":51}}]},"54":{"type":"branch","line":233,"loc":{"start":{"line":233,"column":46},"end":{"line":233,"column":52}},"locations":[{"start":{"line":233,"column":46},"end":{"line":233,"column":52}}]},"55":{"type":"branch","line":241,"loc":{"start":{"line":241,"column":2},"end":{"line":244,"column":3}},"locations":[{"start":{"line":241,"column":2},"end":{"line":244,"column":3}}]},"56":{"type":"branch","line":242,"loc":{"start":{"line":242,"column":21},"end":{"line":242,"column":29}},"locations":[{"start":{"line":242,"column":21},"end":{"line":242,"column":29}}]},"57":{"type":"branch","line":242,"loc":{"start":{"line":242,"column":28},"end":{"line":243,"column":53}},"locations":[{"start":{"line":242,"column":28},"end":{"line":243,"column":53}}]},"58":{"type":"branch","line":251,"loc":{"start":{"line":251,"column":7},"end":{"line":253,"column":1}},"locations":[{"start":{"line":251,"column":7},"end":{"line":253,"column":1}}]}},"b":{"0":[61],"1":[41],"2":[40],"3":[1],"4":[5],"5":[5],"6":[5],"7":[5],"8":[65],"9":[58],"10":[7],"11":[58],"12":[0],"13":[29],"14":[26],"15":[28],"16":[4],"17":[25],"18":[0],"19":[25],"20":[40],"21":[33],"22":[7],"23":[20],"24":[18],"25":[19],"26":[2],"27":[18],"28":[2],"29":[16],"30":[10],"31":[10],"32":[5],"33":[18],"34":[11],"35":[0],"36":[19],"37":[8],"38":[6],"39":[2],"40":[7],"41":[6],"42":[5],"43":[2],"44":[4],"45":[13],"46":[12],"47":[3],"48":[10],"49":[4],"50":[2],"51":[5],"52":[1],"53":[4],"54":[3],"55":[3],"56":[1],"57":[2],"58":[61]},"fnMap":{"0":{"name":"<instance_members_initializer>","decl":{"start":{"line":77,"column":24},"end":{"line":245,"column":1}},"loc":{"start":{"line":77,"column":24},"end":{"line":245,"column":1}},"line":77},"1":{"name":"init","decl":{"start":{"line":86,"column":2},"end":{"line":101,"column":3}},"loc":{"start":{"line":86,"column":2},"end":{"line":101,"column":3}},"line":86},"2":{"name":"restore","decl":{"start":{"line":108,"column":2},"end":{"line":111,"column":3}},"loc":{"start":{"line":108,"column":2},"end":{"line":111,"column":3}},"line":108},"3":{"name":"getCurrentScene","decl":{"start":{"line":117,"column":2},"end":{"line":121,"column":3}},"loc":{"start":{"line":117,"column":2},"end":{"line":121,"column":3}},"line":117},"4":{"name":"getChoices","decl":{"start":{"line":127,"column":2},"end":{"line":138,"column":3}},"loc":{"start":{"line":127,"column":2},"end":{"line":138,"column":3}},"line":127},"5":{"name":"processChoice","decl":{"start":{"line":145,"column":2},"end":{"line":193,"column":3}},"loc":{"start":{"line":145,"column":2},"end":{"line":193,"column":3}},"line":145},"6":{"name":"checkEnding","decl":{"start":{"line":199,"column":2},"end":{"line":206,"column":3}},"loc":{"start":{"line":199,"column":2},"end":{"line":206,"column":3}},"line":199},"7":{"name":"getState","decl":{"start":{"line":212,"column":2},"end":{"line":215,"column":3}},"loc":{"start":{"line":212,"column":2},"end":{"line":215,"column":3}},"line":212},"8":{"name":"getPlayDuration","decl":{"start":{"line":221,"column":2},"end":{"line":224,"column":3}},"loc":{"start":{"line":221,"column":2},"end":{"line":224,"column":3}},"line":221},"9":{"name":"getAttribute","decl":{"start":{"line":231,"column":2},"end":{"line":234,"column":3}},"loc":{"start":{"line":231,"column":2},"end":{"line":234,"column":3}},"line":231},"10":{"name":"getRelationship","decl":{"start":{"line":241,"column":2},"end":{"line":244,"column":3}},"loc":{"start":{"line":241,"column":2},"end":{"line":244,"column":3}},"line":241},"11":{"name":"createGameEngine","decl":{"start":{"line":251,"column":7},"end":{"line":253,"column":1}},"loc":{"start":{"line":251,"column":7},"end":{"line":253,"column":1}},"line":251}},"f":{"0":61,"1":41,"2":5,"3":65,"4":29,"5":20,"6":8,"7":13,"8":4,"9":5,"10":3,"11":61}}
,"/Users/chigao/Work/github/ai-story-game/src/lib/game/script-parser.ts": {"path":"/Users/chigao/Work/github/ai-story-game/src/lib/game/script-parser.ts","all":false,"statementMap":{"54":{"start":{"line":55,"column":0},"end":{"line":55,"column":45}},"55":{"start":{"line":56,"column":0},"end":{"line":56,"column":14}},"56":{"start":{"line":57,"column":0},"end":{"line":57,"column":20}},"57":{"start":{"line":58,"column":0},"end":{"line":58,"column":24}},"58":{"start":{"line":59,"column":0},"end":{"line":59,"column":5}},"59":{"start":{"line":60,"column":0},"end":{"line":60,"column":18}},"60":{"start":{"line":61,"column":0},"end":{"line":61,"column":34}},"61":{"start":{"line":62,"column":0},"end":{"line":62,"column":3}},"62":{"start":{"line":63,"column":0},"end":{"line":63,"column":1}},"65":{"start":{"line":66,"column":0},"end":{"line":66,"column":50}},"66":{"start":{"line":67,"column":0},"end":{"line":67,"column":14}},"67":{"start":{"line":68,"column":0},"end":{"line":68,"column":20}},"68":{"start":{"line":69,"column":0},"end":{"line":69,"column":27}},"69":{"start":{"line":70,"column":0},"end":{"line":70,"column":5}},"70":{"start":{"line":71,"column":0},"end":{"line":71,"column":18}},"71":{"start":{"line":72,"column":0},"end":{"line":72,"column":39}},"72":{"start":{"line":73,"column":0},"end":{"line":73,"column":3}},"73":{"start":{"line":74,"column":0},"end":{"line":74,"column":1}},"78":{"start":{"line":79,"column":0},"end":{"line":79,"column":27}},"84":{"start":{"line":85,"column":0},"end":{"line":85,"column":31}},"85":{"start":{"line":86,"column":0},"end":{"line":86,"column":21}},"87":{"start":{"line":88,"column":0},"end":{"line":88,"column":9}},"88":{"start":{"line":89,"column":0},"end":{"line":89,"column":29}},"89":{"start":{"line":90,"column":0},"end":{"line":90,"column":13}},"90":{"start":{"line":91,"column":0},"end":{"line":91,"column":55}},"91":{"start":{"line":92,"column":0},"end":{"line":92,"column":5}},"93":{"start":{"line":94,"column":0},"end":{"line":94,"column":33}},"94":{"start":{"line":95,"column":0},"end":{"line":95,"column":3}},"101":{"start":{"line":102,"column":0},"end":{"line":102,"column":38}},"102":{"start":{"line":103,"column":0},"end":{"line":103,"column":44}},"103":{"start":{"line":104,"column":0},"end":{"line":104,"column":65}},"104":{"start":{"line":105,"column":0},"end":{"line":105,"column":5}},"106":{"start":{"line":107,"column":0},"end":{"line":107,"column":47}},"109":{"start":{"line":110,"column":0},"end":{"line":110,"column":72}},"110":{"start":{"line":111,"column":0},"end":{"line":111,"column":41}},"111":{"start":{"line":112,"column":0},"end":{"line":112,"column":28}},"112":{"start":{"line":113,"column":0},"end":{"line":113,"column":70}},"113":{"start":{"line":114,"column":0},"end":{"line":114,"column":7}},"114":{"start":{"line":115,"column":0},"end":{"line":115,"column":5}},"117":{"start":{"line":118,"column":0},"end":{"line":118,"column":37}},"118":{"start":{"line":119,"column":0},"end":{"line":119,"column":63}},"119":{"start":{"line":120,"column":0},"end":{"line":120,"column":5}},"120":{"start":{"line":121,"column":0},"end":{"line":121,"column":40}},"121":{"start":{"line":122,"column":0},"end":{"line":122,"column":66}},"122":{"start":{"line":123,"column":0},"end":{"line":123,"column":5}},"123":{"start":{"line":124,"column":0},"end":{"line":124,"column":40}},"124":{"start":{"line":125,"column":0},"end":{"line":125,"column":66}},"125":{"start":{"line":126,"column":0},"end":{"line":126,"column":5}},"126":{"start":{"line":127,"column":0},"end":{"line":127,"column":64}},"127":{"start":{"line":128,"column":0},"end":{"line":128,"column":68}},"128":{"start":{"line":129,"column":0},"end":{"line":129,"column":5}},"129":{"start":{"line":130,"column":0},"end":{"line":130,"column":38}},"130":{"start":{"line":131,"column":0},"end":{"line":131,"column":68}},"131":{"start":{"line":132,"column":0},"end":{"line":132,"column":5}},"134":{"start":{"line":135,"column":0},"end":{"line":135,"column":28}},"135":{"start":{"line":136,"column":0},"end":{"line":136,"column":17}},"136":{"start":{"line":137,"column":0},"end":{"line":137,"column":23}},"137":{"start":{"line":138,"column":0},"end":{"line":138,"column":78}},"138":{"start":{"line":139,"column":0},"end":{"line":139,"column":42}},"139":{"start":{"line":140,"column":0},"end":{"line":140,"column":70}},"140":{"start":{"line":141,"column":0},"end":{"line":141,"column":50}},"141":{"start":{"line":142,"column":0},"end":{"line":142,"column":39}},"142":{"start":{"line":143,"column":0},"end":{"line":143,"column":5}},"145":{"start":{"line":146,"column":0},"end":{"line":146,"column":45}},"146":{"start":{"line":147,"column":0},"end":{"line":147,"column":40}},"147":{"start":{"line":148,"column":0},"end":{"line":148,"column":5}},"148":{"start":{"line":149,"column":0},"end":{"line":149,"column":34}},"149":{"start":{"line":150,"column":0},"end":{"line":150,"column":40}},"150":{"start":{"line":151,"column":0},"end":{"line":151,"column":5}},"151":{"start":{"line":152,"column":0},"end":{"line":152,"column":52}},"152":{"start":{"line":153,"column":0},"end":{"line":153,"column":54}},"153":{"start":{"line":154,"column":0},"end":{"line":154,"column":5}},"154":{"start":{"line":155,"column":0},"end":{"line":155,"column":45}},"155":{"start":{"line":156,"column":0},"end":{"line":156,"column":64}},"156":{"start":{"line":157,"column":0},"end":{"line":157,"column":5}},"157":{"start":{"line":158,"column":0},"end":{"line":158,"column":67}},"158":{"start":{"line":159,"column":0},"end":{"line":159,"column":70}},"159":{"start":{"line":160,"column":0},"end":{"line":160,"column":5}},"161":{"start":{"line":162,"column":0},"end":{"line":162,"column":17}},"162":{"start":{"line":163,"column":0},"end":{"line":163,"column":3}},"169":{"start":{"line":170,"column":0},"end":{"line":170,"column":46}},"170":{"start":{"line":171,"column":0},"end":{"line":171,"column":31}},"171":{"start":{"line":172,"column":0},"end":{"line":172,"column":33}},"174":{"start":{"line":175,"column":0},"end":{"line":175,"column":21}},"175":{"start":{"line":176,"column":0},"end":{"line":176,"column":42}},"176":{"start":{"line":177,"column":0},"end":{"line":177,"column":5}},"177":{"start":{"line":178,"column":0},"end":{"line":178,"column":24}},"178":{"start":{"line":179,"column":0},"end":{"line":179,"column":45}},"179":{"start":{"line":180,"column":0},"end":{"line":180,"column":5}},"180":{"start":{"line":181,"column":0},"end":{"line":181,"column":24}},"181":{"start":{"line":182,"column":0},"end":{"line":182,"column":45}},"182":{"start":{"line":183,"column":0},"end":{"line":183,"column":5}},"185":{"start":{"line":186,"column":0},"end":{"line":186,"column":68}},"186":{"start":{"line":187,"column":0},"end":{"line":187,"column":56}},"187":{"start":{"line":188,"column":0},"end":{"line":188,"column":5}},"190":{"start":{"line":191,"column":0},"end":{"line":191,"column":57}},"191":{"start":{"line":192,"column":0},"end":{"line":192,"column":57}},"192":{"start":{"line":193,"column":0},"end":{"line":193,"column":5}},"195":{"start":{"line":196,"column":0},"end":{"line":196,"column":68}},"197":{"start":{"line":198,"column":0},"end":{"line":198,"column":67}},"199":{"start":{"line":200,"column":0},"end":{"line":200,"column":62}},"200":{"start":{"line":201,"column":0},"end":{"line":201,"column":91}},"201":{"start":{"line":202,"column":0},"end":{"line":202,"column":7}},"204":{"start":{"line":205,"column":0},"end":{"line":205,"column":26}},"205":{"start":{"line":206,"column":0},"end":{"line":206,"column":45}},"206":{"start":{"line":207,"column":0},"end":{"line":207,"column":51}},"207":{"start":{"line":208,"column":0},"end":{"line":208,"column":24}},"208":{"start":{"line":209,"column":0},"end":{"line":209,"column":113}},"209":{"start":{"line":210,"column":0},"end":{"line":210,"column":13}},"210":{"start":{"line":211,"column":0},"end":{"line":211,"column":11}},"211":{"start":{"line":212,"column":0},"end":{"line":212,"column":9}},"212":{"start":{"line":213,"column":0},"end":{"line":213,"column":7}},"215":{"start":{"line":216,"column":0},"end":{"line":216,"column":67}},"216":{"start":{"line":217,"column":0},"end":{"line":217,"column":94}},"217":{"start":{"line":218,"column":0},"end":{"line":218,"column":7}},"218":{"start":{"line":219,"column":0},"end":{"line":219,"column":5}},"221":{"start":{"line":222,"column":0},"end":{"line":222,"column":45}},"222":{"start":{"line":223,"column":0},"end":{"line":223,"column":76}},"223":{"start":{"line":224,"column":0},"end":{"line":224,"column":40}},"224":{"start":{"line":225,"column":0},"end":{"line":225,"column":81}},"225":{"start":{"line":226,"column":0},"end":{"line":226,"column":9}},"226":{"start":{"line":227,"column":0},"end":{"line":227,"column":7}},"227":{"start":{"line":228,"column":0},"end":{"line":228,"column":5}},"229":{"start":{"line":230,"column":0},"end":{"line":230,"column":12}},"230":{"start":{"line":231,"column":0},"end":{"line":231,"column":33}},"231":{"start":{"line":232,"column":0},"end":{"line":232,"column":13}},"232":{"start":{"line":233,"column":0},"end":{"line":233,"column":15}},"233":{"start":{"line":234,"column":0},"end":{"line":234,"column":5}},"234":{"start":{"line":235,"column":0},"end":{"line":235,"column":3}},"242":{"start":{"line":243,"column":0},"end":{"line":243,"column":59}},"243":{"start":{"line":244,"column":0},"end":{"line":244,"column":41}},"244":{"start":{"line":245,"column":0},"end":{"line":245,"column":3}},"252":{"start":{"line":253,"column":0},"end":{"line":253,"column":66}},"253":{"start":{"line":254,"column":0},"end":{"line":254,"column":65}},"254":{"start":{"line":255,"column":0},"end":{"line":255,"column":3}},"261":{"start":{"line":262,"column":0},"end":{"line":262,"column":47}},"262":{"start":{"line":263,"column":0},"end":{"line":263,"column":47}},"263":{"start":{"line":264,"column":0},"end":{"line":264,"column":42}},"266":{"start":{"line":267,"column":0},"end":{"line":267,"column":36}},"267":{"start":{"line":268,"column":0},"end":{"line":268,"column":46}},"268":{"start":{"line":269,"column":0},"end":{"line":269,"column":3}},"275":{"start":{"line":276,"column":0},"end":{"line":276,"column":43}},"276":{"start":{"line":277,"column":0},"end":{"line":277,"column":47}},"277":{"start":{"line":278,"column":0},"end":{"line":278,"column":49}},"278":{"start":{"line":279,"column":0},"end":{"line":279,"column":3}},"285":{"start":{"line":286,"column":0},"end":{"line":286,"column":50}},"286":{"start":{"line":287,"column":0},"end":{"line":287,"column":36}},"287":{"start":{"line":288,"column":0},"end":{"line":288,"column":56}},"289":{"start":{"line":290,"column":0},"end":{"line":290,"column":67}},"290":{"start":{"line":291,"column":0},"end":{"line":291,"column":26}},"291":{"start":{"line":292,"column":0},"end":{"line":292,"column":45}},"292":{"start":{"line":293,"column":0},"end":{"line":293,"column":50}},"293":{"start":{"line":294,"column":0},"end":{"line":294,"column":29}},"294":{"start":{"line":295,"column":0},"end":{"line":295,"column":86}},"295":{"start":{"line":296,"column":0},"end":{"line":296,"column":13}},"296":{"start":{"line":297,"column":0},"end":{"line":297,"column":11}},"297":{"start":{"line":298,"column":0},"end":{"line":298,"column":9}},"298":{"start":{"line":299,"column":0},"end":{"line":299,"column":7}},"300":{"start":{"line":301,"column":0},"end":{"line":301,"column":66}},"301":{"start":{"line":302,"column":0},"end":{"line":302,"column":72}},"302":{"start":{"line":303,"column":0},"end":{"line":303,"column":7}},"303":{"start":{"line":304,"column":0},"end":{"line":304,"column":5}},"305":{"start":{"line":306,"column":0},"end":{"line":306,"column":22}},"306":{"start":{"line":307,"column":0},"end":{"line":307,"column":3}},"313":{"start":{"line":314,"column":0},"end":{"line":314,"column":32}},"324":{"start":{"line":325,"column":0},"end":{"line":325,"column":5}},"325":{"start":{"line":326,"column":0},"end":{"line":326,"column":12}},"326":{"start":{"line":327,"column":0},"end":{"line":327,"column":20}},"327":{"start":{"line":328,"column":0},"end":{"line":328,"column":26}},"328":{"start":{"line":329,"column":0},"end":{"line":329,"column":38}},"329":{"start":{"line":330,"column":0},"end":{"line":330,"column":26}},"330":{"start":{"line":331,"column":0},"end":{"line":331,"column":30}},"331":{"start":{"line":332,"column":0},"end":{"line":332,"column":55}},"332":{"start":{"line":333,"column":0},"end":{"line":333,"column":48}},"333":{"start":{"line":334,"column":0},"end":{"line":334,"column":52}},"334":{"start":{"line":335,"column":0},"end":{"line":335,"column":47}},"335":{"start":{"line":336,"column":0},"end":{"line":336,"column":41}},"336":{"start":{"line":337,"column":0},"end":{"line":337,"column":5}},"337":{"start":{"line":338,"column":0},"end":{"line":338,"column":3}},"338":{"start":{"line":339,"column":0},"end":{"line":339,"column":1}},"341":{"start":{"line":342,"column":0},"end":{"line":342,"column":52}},"342":{"start":{"line":343,"column":0},"end":{"line":343,"column":27}},"343":{"start":{"line":344,"column":0},"end":{"line":344,"column":1}}},"s":{"54":1,"55":1,"56":19,"57":19,"58":19,"59":19,"60":19,"61":19,"62":1,"65":1,"66":1,"67":1,"68":1,"69":1,"70":1,"71":1,"72":1,"73":1,"78":1,"84":1,"85":26,"87":26,"88":26,"89":26,"90":2,"91":2,"93":24,"94":26,"101":1,"102":29,"103":4,"104":4,"106":25,"109":25,"110":29,"111":107,"112":7,"113":7,"114":107,"117":29,"118":1,"119":1,"120":29,"121":1,"122":1,"123":29,"124":1,"125":1,"126":29,"127":1,"128":1,"129":29,"130":1,"131":1,"134":13,"135":13,"136":13,"137":29,"138":29,"139":29,"140":29,"141":29,"142":29,"145":29,"146":2,"147":2,"148":13,"149":13,"150":13,"151":13,"152":13,"153":13,"154":13,"155":13,"156":13,"157":29,"158":13,"159":13,"161":13,"162":29,"169":1,"170":11,"171":11,"174":11,"175":2,"176":2,"177":11,"178":2,"179":2,"180":11,"181":3,"182":3,"185":11,"186":5,"187":5,"190":11,"191":5,"192":5,"195":11,"197":11,"199":9,"200":1,"201":1,"204":9,"205":3,"206":4,"207":1,"208":1,"209":1,"210":1,"211":4,"212":3,"215":9,"216":0,"217":0,"218":9,"221":11,"222":2,"223":2,"224":1,"225":1,"226":2,"227":2,"229":11,"230":11,"231":11,"232":11,"233":11,"234":11,"242":1,"243":4,"244":4,"252":1,"253":4,"254":4,"261":1,"262":4,"263":4,"266":3,"267":4,"268":4,"275":1,"276":2,"277":2,"278":2,"285":1,"286":5,"287":5,"289":5,"290":9,"291":5,"292":6,"293":2,"294":2,"295":2,"296":2,"297":6,"298":5,"300":9,"301":1,"302":1,"303":9,"305":5,"306":5,"313":1,"324":2,"325":2,"326":2,"327":2,"328":2,"329":2,"330":2,"331":2,"332":2,"333":2,"334":2,"335":2,"336":2,"337":2,"338":1,"341":1,"342":53,"343":53},"branchMap":{"0":{"type":"branch","line":56,"loc":{"start":{"line":56,"column":2},"end":{"line":62,"column":3}},"locations":[{"start":{"line":56,"column":2},"end":{"line":62,"column":3}}]},"1":{"type":"branch","line":67,"loc":{"start":{"line":67,"column":2},"end":{"line":73,"column":3}},"locations":[{"start":{"line":67,"column":2},"end":{"line":73,"column":3}}]},"2":{"type":"branch","line":85,"loc":{"start":{"line":85,"column":2},"end":{"line":95,"column":3}},"locations":[{"start":{"line":85,"column":2},"end":{"line":95,"column":3}}]},"3":{"type":"branch","line":90,"loc":{"start":{"line":90,"column":4},"end":{"line":92,"column":5}},"locations":[{"start":{"line":90,"column":4},"end":{"line":92,"column":5}}]},"4":{"type":"branch","line":92,"loc":{"start":{"line":92,"column":4},"end":{"line":94,"column":33}},"locations":[{"start":{"line":92,"column":4},"end":{"line":94,"column":33}}]},"5":{"type":"branch","line":102,"loc":{"start":{"line":102,"column":2},"end":{"line":163,"column":3}},"locations":[{"start":{"line":102,"column":2},"end":{"line":163,"column":3}}]},"6":{"type":"branch","line":103,"loc":{"start":{"line":103,"column":9},"end":{"line":103,"column":43}},"locations":[{"start":{"line":103,"column":9},"end":{"line":103,"column":43}}]},"7":{"type":"branch","line":103,"loc":{"start":{"line":103,"column":43},"end":{"line":105,"column":5}},"locations":[{"start":{"line":103,"column":43},"end":{"line":105,"column":5}}]},"8":{"type":"branch","line":105,"loc":{"start":{"line":105,"column":4},"end":{"line":111,"column":40}},"locations":[{"start":{"line":105,"column":4},"end":{"line":111,"column":40}}]},"9":{"type":"branch","line":111,"loc":{"start":{"line":111,"column":40},"end":{"line":115,"column":5}},"locations":[{"start":{"line":111,"column":40},"end":{"line":115,"column":5}}]},"10":{"type":"branch","line":112,"loc":{"start":{"line":112,"column":27},"end":{"line":114,"column":7}},"locations":[{"start":{"line":112,"column":27},"end":{"line":114,"column":7}}]},"11":{"type":"branch","line":115,"loc":{"start":{"line":115,"column":4},"end":{"line":118,"column":36}},"locations":[{"start":{"line":115,"column":4},"end":{"line":118,"column":36}}]},"12":{"type":"branch","line":118,"loc":{"start":{"line":118,"column":36},"end":{"line":120,"column":5}},"locations":[{"start":{"line":118,"column":36},"end":{"line":120,"column":5}}]},"13":{"type":"branch","line":120,"loc":{"start":{"line":120,"column":4},"end":{"line":121,"column":39}},"locations":[{"start":{"line":120,"column":4},"end":{"line":121,"column":39}}]},"14":{"type":"branch","line":121,"loc":{"start":{"line":121,"column":39},"end":{"line":123,"column":5}},"locations":[{"start":{"line":121,"column":39},"end":{"line":123,"column":5}}]},"15":{"type":"branch","line":123,"loc":{"start":{"line":123,"column":4},"end":{"line":124,"column":39}},"locations":[{"start":{"line":123,"column":4},"end":{"line":124,"column":39}}]},"16":{"type":"branch","line":124,"loc":{"start":{"line":124,"column":39},"end":{"line":126,"column":5}},"locations":[{"start":{"line":124,"column":39},"end":{"line":126,"column":5}}]},"17":{"type":"branch","line":126,"loc":{"start":{"line":126,"column":4},"end":{"line":127,"column":63}},"locations":[{"start":{"line":126,"column":4},"end":{"line":127,"column":63}}]},"18":{"type":"branch","line":127,"loc":{"start":{"line":127,"column":63},"end":{"line":129,"column":5}},"locations":[{"start":{"line":127,"column":63},"end":{"line":129,"column":5}}]},"19":{"type":"branch","line":129,"loc":{"start":{"line":129,"column":4},"end":{"line":130,"column":37}},"locations":[{"start":{"line":129,"column":4},"end":{"line":130,"column":37}}]},"20":{"type":"branch","line":130,"loc":{"start":{"line":130,"column":37},"end":{"line":132,"column":5}},"locations":[{"start":{"line":130,"column":37},"end":{"line":132,"column":5}}]},"21":{"type":"branch","line":132,"loc":{"start":{"line":132,"column":4},"end":{"line":138,"column":75}},"locations":[{"start":{"line":132,"column":4},"end":{"line":138,"column":75}}]},"22":{"type":"branch","line":138,"loc":{"start":{"line":138,"column":61},"end":{"line":138,"column":78}},"locations":[{"start":{"line":138,"column":61},"end":{"line":138,"column":78}}]},"23":{"type":"branch","line":140,"loc":{"start":{"line":140,"column":46},"end":{"line":140,"column":67}},"locations":[{"start":{"line":140,"column":46},"end":{"line":140,"column":67}}]},"24":{"type":"branch","line":140,"loc":{"start":{"line":140,"column":54},"end":{"line":140,"column":70}},"locations":[{"start":{"line":140,"column":54},"end":{"line":140,"column":70}}]},"25":{"type":"branch","line":146,"loc":{"start":{"line":146,"column":44},"end":{"line":158,"column":66}},"locations":[{"start":{"line":146,"column":44},"end":{"line":158,"column":66}}]},"26":{"type":"branch","line":146,"loc":{"start":{"line":146,"column":44},"end":{"line":148,"column":5}},"locations":[{"start":{"line":146,"column":44},"end":{"line":148,"column":5}}]},"27":{"type":"branch","line":148,"loc":{"start":{"line":148,"column":4},"end":{"line":158,"column":66}},"locations":[{"start":{"line":148,"column":4},"end":{"line":158,"column":66}}]},"28":{"type":"branch","line":158,"loc":{"start":{"line":158,"column":66},"end":{"line":162,"column":17}},"locations":[{"start":{"line":158,"column":66},"end":{"line":162,"column":17}}]},"29":{"type":"branch","line":170,"loc":{"start":{"line":170,"column":2},"end":{"line":235,"column":3}},"locations":[{"start":{"line":170,"column":2},"end":{"line":235,"column":3}}]},"30":{"type":"branch","line":175,"loc":{"start":{"line":175,"column":20},"end":{"line":177,"column":5}},"locations":[{"start":{"line":175,"column":20},"end":{"line":177,"column":5}}]},"31":{"type":"branch","line":178,"loc":{"start":{"line":178,"column":23},"end":{"line":180,"column":5}},"locations":[{"start":{"line":178,"column":23},"end":{"line":180,"column":5}}]},"32":{"type":"branch","line":181,"loc":{"start":{"line":181,"column":23},"end":{"line":183,"column":5}},"locations":[{"start":{"line":181,"column":23},"end":{"line":183,"column":5}}]},"33":{"type":"branch","line":186,"loc":{"start":{"line":186,"column":67},"end":{"line":188,"column":5}},"locations":[{"start":{"line":186,"column":67},"end":{"line":188,"column":5}}]},"34":{"type":"branch","line":191,"loc":{"start":{"line":191,"column":56},"end":{"line":193,"column":5}},"locations":[{"start":{"line":191,"column":56},"end":{"line":193,"column":5}}]},"35":{"type":"branch","line":198,"loc":{"start":{"line":198,"column":66},"end":{"line":219,"column":5}},"locations":[{"start":{"line":198,"column":66},"end":{"line":219,"column":5}}]},"36":{"type":"branch","line":200,"loc":{"start":{"line":200,"column":16},"end":{"line":200,"column":61}},"locations":[{"start":{"line":200,"column":16},"end":{"line":200,"column":61}}]},"37":{"type":"branch","line":200,"loc":{"start":{"line":200,"column":61},"end":{"line":202,"column":7}},"locations":[{"start":{"line":200,"column":61},"end":{"line":202,"column":7}}]},"38":{"type":"branch","line":205,"loc":{"start":{"line":205,"column":25},"end":{"line":213,"column":7}},"locations":[{"start":{"line":205,"column":25},"end":{"line":213,"column":7}}]},"39":{"type":"branch","line":206,"loc":{"start":{"line":206,"column":44},"end":{"line":212,"column":9}},"locations":[{"start":{"line":206,"column":44},"end":{"line":212,"column":9}}]},"40":{"type":"branch","line":207,"loc":{"start":{"line":207,"column":50},"end":{"line":211,"column":11}},"locations":[{"start":{"line":207,"column":50},"end":{"line":211,"column":11}}]},"41":{"type":"branch","line":216,"loc":{"start":{"line":216,"column":16},"end":{"line":216,"column":66}},"locations":[{"start":{"line":216,"column":16},"end":{"line":216,"column":66}}]},"42":{"type":"branch","line":216,"loc":{"start":{"line":216,"column":66},"end":{"line":218,"column":7}},"locations":[{"start":{"line":216,"column":66},"end":{"line":218,"column":7}}]},"43":{"type":"branch","line":222,"loc":{"start":{"line":222,"column":15},"end":{"line":222,"column":44}},"locations":[{"start":{"line":222,"column":15},"end":{"line":222,"column":44}}]},"44":{"type":"branch","line":222,"loc":{"start":{"line":222,"column":44},"end":{"line":228,"column":5}},"locations":[{"start":{"line":222,"column":44},"end":{"line":228,"column":5}}]},"45":{"type":"branch","line":224,"loc":{"start":{"line":224,"column":39},"end":{"line":226,"column":9}},"locations":[{"start":{"line":224,"column":39},"end":{"line":226,"column":9}}]},"46":{"type":"branch","line":196,"loc":{"start":{"line":196,"column":55},"end":{"line":196,"column":66}},"locations":[{"start":{"line":196,"column":55},"end":{"line":196,"column":66}}]},"47":{"type":"branch","line":243,"loc":{"start":{"line":243,"column":2},"end":{"line":245,"column":3}},"locations":[{"start":{"line":243,"column":2},"end":{"line":245,"column":3}}]},"48":{"type":"branch","line":244,"loc":{"start":{"line":244,"column":32},"end":{"line":244,"column":41}},"locations":[{"start":{"line":244,"column":32},"end":{"line":244,"column":41}}]},"49":{"type":"branch","line":253,"loc":{"start":{"line":253,"column":2},"end":{"line":255,"column":3}},"locations":[{"start":{"line":253,"column":2},"end":{"line":255,"column":3}}]},"50":{"type":"branch","line":254,"loc":{"start":{"line":254,"column":56},"end":{"line":254,"column":65}},"locations":[{"start":{"line":254,"column":56},"end":{"line":254,"column":65}}]},"51":{"type":"branch","line":254,"loc":{"start":{"line":254,"column":34},"end":{"line":254,"column":56}},"locations":[{"start":{"line":254,"column":34},"end":{"line":254,"column":56}}]},"52":{"type":"branch","line":262,"loc":{"start":{"line":262,"column":2},"end":{"line":269,"column":3}},"locations":[{"start":{"line":262,"column":2},"end":{"line":269,"column":3}}]},"53":{"type":"branch","line":264,"loc":{"start":{"line":264,"column":31},"end":{"line":268,"column":42}},"locations":[{"start":{"line":264,"column":31},"end":{"line":268,"column":42}}]},"54":{"type":"branch","line":264,"loc":{"start":{"line":264,"column":31},"end":{"line":264,"column":42}},"locations":[{"start":{"line":264,"column":31},"end":{"line":264,"column":42}}]},"55":{"type":"branch","line":268,"loc":{"start":{"line":268,"column":37},"end":{"line":268,"column":46}},"locations":[{"start":{"line":268,"column":37},"end":{"line":268,"column":46}}]},"56":{"type":"branch","line":276,"loc":{"start":{"line":276,"column":2},"end":{"line":279,"column":3}},"locations":[{"start":{"line":276,"column":2},"end":{"line":279,"column":3}}]},"57":{"type":"branch","line":278,"loc":{"start":{"line":278,"column":29},"end":{"line":278,"column":47}},"locations":[{"start":{"line":278,"column":29},"end":{"line":278,"column":47}}]},"58":{"type":"branch","line":278,"loc":{"start":{"line":278,"column":43},"end":{"line":278,"column":49}},"locations":[{"start":{"line":278,"column":43},"end":{"line":278,"column":49}}]},"59":{"type":"branch","line":286,"loc":{"start":{"line":286,"column":2},"end":{"line":307,"column":3}},"locations":[{"start":{"line":286,"column":2},"end":{"line":307,"column":3}}]},"60":{"type":"branch","line":290,"loc":{"start":{"line":290,"column":66},"end":{"line":304,"column":5}},"locations":[{"start":{"line":290,"column":66},"end":{"line":304,"column":5}}]},"61":{"type":"branch","line":291,"loc":{"start":{"line":291,"column":25},"end":{"line":299,"column":7}},"locations":[{"start":{"line":291,"column":25},"end":{"line":299,"column":7}}]},"62":{"type":"branch","line":292,"loc":{"start":{"line":292,"column":44},"end":{"line":298,"column":9}},"locations":[{"start":{"line":292,"column":44},"end":{"line":298,"column":9}}]},"63":{"type":"branch","line":293,"loc":{"start":{"line":293,"column":49},"end":{"line":297,"column":11}},"locations":[{"start":{"line":293,"column":49},"end":{"line":297,"column":11}}]},"64":{"type":"branch","line":301,"loc":{"start":{"line":301,"column":16},"end":{"line":301,"column":65}},"locations":[{"start":{"line":301,"column":16},"end":{"line":301,"column":65}}]},"65":{"type":"branch","line":301,"loc":{"start":{"line":301,"column":65},"end":{"line":303,"column":7}},"locations":[{"start":{"line":301,"column":65},"end":{"line":303,"column":7}}]},"66":{"type":"branch","line":314,"loc":{"start":{"line":314,"column":2},"end":{"line":338,"column":3}},"locations":[{"start":{"line":314,"column":2},"end":{"line":338,"column":3}}]},"67":{"type":"branch","line":331,"loc":{"start":{"line":331,"column":19},"end":{"line":331,"column":30}},"locations":[{"start":{"line":331,"column":19},"end":{"line":331,"column":30}}]},"68":{"type":"branch","line":332,"loc":{"start":{"line":332,"column":32},"end":{"line":332,"column":55}},"locations":[{"start":{"line":332,"column":32},"end":{"line":332,"column":55}}]},"69":{"type":"branch","line":333,"loc":{"start":{"line":333,"column":25},"end":{"line":333,"column":48}},"locations":[{"start":{"line":333,"column":25},"end":{"line":333,"column":48}}]},"70":{"type":"branch","line":342,"loc":{"start":{"line":342,"column":7},"end":{"line":344,"column":1}},"locations":[{"start":{"line":342,"column":7},"end":{"line":344,"column":1}}]}},"b":{"0":[19],"1":[1],"2":[26],"3":[2],"4":[24],"5":[29],"6":[28],"7":[4],"8":[25],"9":[107],"10":[7],"11":[18],"12":[1],"13":[17],"14":[1],"15":[16],"16":[1],"17":[15],"18":[1],"19":[14],"20":[1],"21":[13],"22":[0],"23":[13],"24":[0],"25":[27],"26":[2],"27":[13],"28":[13],"29":[11],"30":[2],"31":[2],"32":[3],"33":[5],"34":[5],"35":[9],"36":[2],"37":[1],"38":[3],"39":[4],"40":[1],"41":[0],"42":[0],"43":[2],"44":[2],"45":[1],"46":[1],"47":[4],"48":[2],"49":[4],"50":[2],"51":[3],"52":[4],"53":[3],"54":[1],"55":[0],"56":[2],"57":[1],"58":[1],"59":[5],"60":[9],"61":[5],"62":[6],"63":[2],"64":[1],"65":[1],"66":[2],"67":[1],"68":[1],"69":[1],"70":[53]},"fnMap":{"0":{"name":"ScriptParseError","decl":{"start":{"line":56,"column":2},"end":{"line":62,"column":3}},"loc":{"start":{"line":56,"column":2},"end":{"line":62,"column":3}},"line":56},"1":{"name":"ScriptValidationError","decl":{"start":{"line":67,"column":2},"end":{"line":73,"column":3}},"loc":{"start":{"line":67,"column":2},"end":{"line":73,"column":3}},"line":67},"2":{"name":"parse","decl":{"start":{"line":85,"column":2},"end":{"line":95,"column":3}},"loc":{"start":{"line":85,"column":2},"end":{"line":95,"column":3}},"line":85},"3":{"name":"parseObject","decl":{"start":{"line":102,"column":2},"end":{"line":163,"column":3}},"loc":{"start":{"line":102,"column":2},"end":{"line":163,"column":3}},"line":102},"4":{"name":"validate","decl":{"start":{"line":170,"column":2},"end":{"line":235,"column":3}},"loc":{"start":{"line":170,"column":2},"end":{"line":235,"column":3}},"line":170},"5":{"name":"getScene","decl":{"start":{"line":243,"column":2},"end":{"line":245,"column":3}},"loc":{"start":{"line":243,"column":2},"end":{"line":245,"column":3}},"line":243},"6":{"name":"getCharacter","decl":{"start":{"line":253,"column":2},"end":{"line":255,"column":3}},"loc":{"start":{"line":253,"column":2},"end":{"line":255,"column":3}},"line":253},"7":{"name":"getStartScene","decl":{"start":{"line":262,"column":2},"end":{"line":269,"column":3}},"loc":{"start":{"line":262,"column":2},"end":{"line":269,"column":3}},"line":262},"8":{"name":"getStartSceneId","decl":{"start":{"line":276,"column":2},"end":{"line":279,"column":3}},"loc":{"start":{"line":276,"column":2},"end":{"line":279,"column":3}},"line":276},"9":{"name":"checkSceneReferences","decl":{"start":{"line":286,"column":2},"end":{"line":307,"column":3}},"loc":{"start":{"line":286,"column":2},"end":{"line":307,"column":3}},"line":286},"10":{"name":"getMetadata","decl":{"start":{"line":314,"column":2},"end":{"line":338,"column":3}},"loc":{"start":{"line":314,"column":2},"end":{"line":338,"column":3}},"line":314},"11":{"name":"createScriptParser","decl":{"start":{"line":342,"column":7},"end":{"line":344,"column":1}},"loc":{"start":{"line":342,"column":7},"end":{"line":344,"column":1}},"line":342}},"f":{"0":19,"1":1,"2":26,"3":29,"4":11,"5":4,"6":4,"7":4,"8":2,"9":5,"10":2,"11":53}}
,"/Users/chigao/Work/github/ai-story-game/src/lib/game/state-manager.ts": {"path":"/Users/chigao/Work/github/ai-story-game/src/lib/game/state-manager.ts","all":false,"statementMap":{"27":{"start":{"line":28,"column":0},"end":{"line":28,"column":78}},"28":{"start":{"line":29,"column":0},"end":{"line":29,"column":31}},"31":{"start":{"line":32,"column":0},"end":{"line":32,"column":47}},"32":{"start":{"line":33,"column":0},"end":{"line":33,"column":53}},"34":{"start":{"line":35,"column":0},"end":{"line":35,"column":33}},"36":{"start":{"line":37,"column":0},"end":{"line":37,"column":72}},"37":{"start":{"line":38,"column":0},"end":{"line":38,"column":69}},"38":{"start":{"line":39,"column":0},"end":{"line":39,"column":74}},"39":{"start":{"line":40,"column":0},"end":{"line":40,"column":5}},"42":{"start":{"line":43,"column":0},"end":{"line":43,"column":30}},"43":{"start":{"line":44,"column":0},"end":{"line":44,"column":52}},"44":{"start":{"line":45,"column":0},"end":{"line":45,"column":62}},"46":{"start":{"line":47,"column":0},"end":{"line":47,"column":91}},"47":{"start":{"line":48,"column":0},"end":{"line":48,"column":5}},"48":{"start":{"line":49,"column":0},"end":{"line":49,"column":3}},"50":{"start":{"line":51,"column":0},"end":{"line":51,"column":17}},"51":{"start":{"line":52,"column":0},"end":{"line":52,"column":1}},"59":{"start":{"line":60,"column":0},"end":{"line":60,"column":84}},"60":{"start":{"line":61,"column":0},"end":{"line":61,"column":39}},"62":{"start":{"line":63,"column":0},"end":{"line":63,"column":58}},"64":{"start":{"line":65,"column":0},"end":{"line":65,"column":61}},"65":{"start":{"line":66,"column":0},"end":{"line":66,"column":16}},"66":{"start":{"line":67,"column":0},"end":{"line":67,"column":3}},"68":{"start":{"line":69,"column":0},"end":{"line":69,"column":61}},"69":{"start":{"line":70,"column":0},"end":{"line":70,"column":16}},"70":{"start":{"line":71,"column":0},"end":{"line":71,"column":3}},"72":{"start":{"line":73,"column":0},"end":{"line":73,"column":13}},"73":{"start":{"line":74,"column":0},"end":{"line":74,"column":1}},"81":{"start":{"line":82,"column":0},"end":{"line":82,"column":87}},"82":{"start":{"line":83,"column":0},"end":{"line":83,"column":37}},"83":{"start":{"line":84,"column":0},"end":{"line":84,"column":38}},"84":{"start":{"line":85,"column":0},"end":{"line":85,"column":53}},"85":{"start":{"line":86,"column":0},"end":{"line":86,"column":4}},"86":{"start":{"line":87,"column":0},"end":{"line":87,"column":1}},"94":{"start":{"line":95,"column":0},"end":{"line":95,"column":81}},"95":{"start":{"line":96,"column":0},"end":{"line":96,"column":37}},"97":{"start":{"line":98,"column":0},"end":{"line":98,"column":33}},"98":{"start":{"line":99,"column":0},"end":{"line":99,"column":22}},"100":{"start":{"line":101,"column":0},"end":{"line":101,"column":71}},"101":{"start":{"line":102,"column":0},"end":{"line":102,"column":47}},"103":{"start":{"line":104,"column":0},"end":{"line":104,"column":65}},"104":{"start":{"line":105,"column":0},"end":{"line":105,"column":23}},"105":{"start":{"line":106,"column":0},"end":{"line":106,"column":13}},"106":{"start":{"line":107,"column":0},"end":{"line":107,"column":7}},"108":{"start":{"line":109,"column":0},"end":{"line":109,"column":65}},"109":{"start":{"line":110,"column":0},"end":{"line":110,"column":23}},"110":{"start":{"line":111,"column":0},"end":{"line":111,"column":13}},"111":{"start":{"line":112,"column":0},"end":{"line":112,"column":7}},"112":{"start":{"line":113,"column":0},"end":{"line":113,"column":5}},"114":{"start":{"line":115,"column":0},"end":{"line":115,"column":18}},"115":{"start":{"line":116,"column":0},"end":{"line":116,"column":33}},"116":{"start":{"line":117,"column":0},"end":{"line":117,"column":5}},"117":{"start":{"line":118,"column":0},"end":{"line":118,"column":3}},"120":{"start":{"line":121,"column":0},"end":{"line":121,"column":61}},"121":{"start":{"line":122,"column":0},"end":{"line":122,"column":1}},"129":{"start":{"line":130,"column":0},"end":{"line":130,"column":79}},"130":{"start":{"line":131,"column":0},"end":{"line":131,"column":45}},"131":{"start":{"line":132,"column":0},"end":{"line":132,"column":1}},"139":{"start":{"line":140,"column":0},"end":{"line":140,"column":80}},"140":{"start":{"line":141,"column":0},"end":{"line":141,"column":46}},"141":{"start":{"line":142,"column":0},"end":{"line":142,"column":1}},"150":{"start":{"line":151,"column":0},"end":{"line":151,"column":97}},"151":{"start":{"line":152,"column":0},"end":{"line":152,"column":10}},"152":{"start":{"line":153,"column":0},"end":{"line":153,"column":13}},"153":{"start":{"line":154,"column":0},"end":{"line":154,"column":17}},"154":{"start":{"line":155,"column":0},"end":{"line":155,"column":26}},"155":{"start":{"line":156,"column":0},"end":{"line":156,"column":29}},"156":{"start":{"line":157,"column":0},"end":{"line":157,"column":6}},"157":{"start":{"line":158,"column":0},"end":{"line":158,"column":3}},"158":{"start":{"line":159,"column":0},"end":{"line":159,"column":1}},"167":{"start":{"line":168,"column":0},"end":{"line":168,"column":98}},"169":{"start":{"line":170,"column":0},"end":{"line":170,"column":59}},"171":{"start":{"line":172,"column":0},"end":{"line":172,"column":10}},"172":{"start":{"line":173,"column":0},"end":{"line":173,"column":13}},"173":{"start":{"line":174,"column":0},"end":{"line":174,"column":20}},"174":{"start":{"line":175,"column":0},"end":{"line":175,"column":29}},"175":{"start":{"line":176,"column":0},"end":{"line":176,"column":34}},"176":{"start":{"line":177,"column":0},"end":{"line":177,"column":6}},"177":{"start":{"line":178,"column":0},"end":{"line":178,"column":3}},"178":{"start":{"line":179,"column":0},"end":{"line":179,"column":1}},"187":{"start":{"line":188,"column":0},"end":{"line":188,"column":35}},"188":{"start":{"line":189,"column":0},"end":{"line":189,"column":19}},"189":{"start":{"line":190,"column":0},"end":{"line":190,"column":49}},"190":{"start":{"line":191,"column":0},"end":{"line":191,"column":51}},"191":{"start":{"line":192,"column":0},"end":{"line":192,"column":14}},"192":{"start":{"line":193,"column":0},"end":{"line":193,"column":10}},"193":{"start":{"line":194,"column":0},"end":{"line":194,"column":13}},"194":{"start":{"line":195,"column":0},"end":{"line":195,"column":21}},"195":{"start":{"line":196,"column":0},"end":{"line":196,"column":41}},"196":{"start":{"line":197,"column":0},"end":{"line":197,"column":47}},"197":{"start":{"line":198,"column":0},"end":{"line":198,"column":16}},"198":{"start":{"line":199,"column":0},"end":{"line":199,"column":26}},"199":{"start":{"line":200,"column":0},"end":{"line":200,"column":3}},"200":{"start":{"line":201,"column":0},"end":{"line":201,"column":1}},"207":{"start":{"line":208,"column":0},"end":{"line":208,"column":57}},"208":{"start":{"line":209,"column":0},"end":{"line":209,"column":10}},"209":{"start":{"line":210,"column":0},"end":{"line":210,"column":29}},"210":{"start":{"line":211,"column":0},"end":{"line":211,"column":37}},"211":{"start":{"line":212,"column":0},"end":{"line":212,"column":40}},"212":{"start":{"line":213,"column":0},"end":{"line":213,"column":46}},"213":{"start":{"line":214,"column":0},"end":{"line":214,"column":58}},"214":{"start":{"line":215,"column":0},"end":{"line":215,"column":31}},"215":{"start":{"line":216,"column":0},"end":{"line":216,"column":3}},"216":{"start":{"line":217,"column":0},"end":{"line":217,"column":1}}},"s":{"27":1,"28":25,"31":25,"32":25,"34":25,"36":29,"37":19,"38":19,"39":19,"42":29,"43":10,"44":10,"46":10,"47":10,"48":29,"50":25,"51":25,"59":1,"60":28,"62":28,"64":28,"65":8,"66":8,"68":28,"69":3,"70":3,"72":15,"73":15,"81":1,"82":2,"83":6,"84":2,"85":2,"86":2,"94":1,"95":34,"97":34,"98":32,"100":32,"101":33,"103":33,"104":11,"105":11,"106":11,"108":33,"109":1,"110":1,"111":1,"112":33,"114":32,"115":20,"116":20,"117":32,"120":34,"121":34,"129":1,"130":2,"131":2,"139":1,"140":2,"141":2,"150":1,"151":3,"152":3,"153":3,"154":3,"155":3,"156":3,"157":3,"158":3,"167":1,"169":3,"171":3,"172":3,"173":3,"174":3,"175":3,"176":3,"177":3,"178":3,"187":1,"188":45,"189":45,"190":45,"191":45,"192":45,"193":45,"194":45,"195":45,"196":45,"197":45,"198":45,"199":45,"200":45,"207":1,"208":59,"209":59,"210":59,"211":59,"212":59,"213":59,"214":59,"215":59,"216":59},"branchMap":{"0":{"type":"branch","line":28,"loc":{"start":{"line":28,"column":7},"end":{"line":52,"column":1}},"locations":[{"start":{"line":28,"column":7},"end":{"line":52,"column":1}}]},"1":{"type":"branch","line":35,"loc":{"start":{"line":35,"column":32},"end":{"line":49,"column":3}},"locations":[{"start":{"line":35,"column":32},"end":{"line":49,"column":3}}]},"2":{"type":"branch","line":37,"loc":{"start":{"line":37,"column":29},"end":{"line":37,"column":71}},"locations":[{"start":{"line":37,"column":29},"end":{"line":37,"column":71}}]},"3":{"type":"branch","line":37,"loc":{"start":{"line":37,"column":71},"end":{"line":40,"column":5}},"locations":[{"start":{"line":37,"column":71},"end":{"line":40,"column":5}}]},"4":{"type":"branch","line":38,"loc":{"start":{"line":38,"column":63},"end":{"line":38,"column":69}},"locations":[{"start":{"line":38,"column":63},"end":{"line":38,"column":69}}]},"5":{"type":"branch","line":43,"loc":{"start":{"line":43,"column":29},"end":{"line":48,"column":5}},"locations":[{"start":{"line":43,"column":29},"end":{"line":48,"column":5}}]},"6":{"type":"branch","line":45,"loc":{"start":{"line":45,"column":56},"end":{"line":45,"column":62}},"locations":[{"start":{"line":45,"column":56},"end":{"line":45,"column":62}}]},"7":{"type":"branch","line":60,"loc":{"start":{"line":60,"column":7},"end":{"line":74,"column":1}},"locations":[{"start":{"line":60,"column":7},"end":{"line":74,"column":1}}]},"8":{"type":"branch","line":61,"loc":{"start":{"line":61,"column":28},"end":{"line":61,"column":39}},"locations":[{"start":{"line":61,"column":28},"end":{"line":61,"column":39}}]},"9":{"type":"branch","line":61,"loc":{"start":{"line":61,"column":35},"end":{"line":63,"column":57}},"locations":[{"start":{"line":61,"column":35},"end":{"line":63,"column":57}}]},"10":{"type":"branch","line":63,"loc":{"start":{"line":63,"column":52},"end":{"line":63,"column":58}},"locations":[{"start":{"line":63,"column":52},"end":{"line":63,"column":58}}]},"11":{"type":"branch","line":65,"loc":{"start":{"line":65,"column":24},"end":{"line":65,"column":60}},"locations":[{"start":{"line":65,"column":24},"end":{"line":65,"column":60}}]},"12":{"type":"branch","line":65,"loc":{"start":{"line":65,"column":60},"end":{"line":67,"column":3}},"locations":[{"start":{"line":65,"column":60},"end":{"line":67,"column":3}}]},"13":{"type":"branch","line":67,"loc":{"start":{"line":67,"column":2},"end":{"line":69,"column":37}},"locations":[{"start":{"line":67,"column":2},"end":{"line":69,"column":37}}]},"14":{"type":"branch","line":69,"loc":{"start":{"line":69,"column":24},"end":{"line":69,"column":60}},"locations":[{"start":{"line":69,"column":24},"end":{"line":69,"column":60}}]},"15":{"type":"branch","line":69,"loc":{"start":{"line":69,"column":60},"end":{"line":71,"column":3}},"locations":[{"start":{"line":69,"column":60},"end":{"line":71,"column":3}}]},"16":{"type":"branch","line":71,"loc":{"start":{"line":71,"column":2},"end":{"line":74,"column":1}},"locations":[{"start":{"line":71,"column":2},"end":{"line":74,"column":1}}]},"17":{"type":"branch","line":82,"loc":{"start":{"line":82,"column":7},"end":{"line":87,"column":1}},"locations":[{"start":{"line":82,"column":7},"end":{"line":87,"column":1}}]},"18":{"type":"branch","line":83,"loc":{"start":{"line":83,"column":24},"end":{"line":86,"column":3}},"locations":[{"start":{"line":83,"column":24},"end":{"line":86,"column":3}}]},"19":{"type":"branch","line":84,"loc":{"start":{"line":84,"column":27},"end":{"line":84,"column":38}},"locations":[{"start":{"line":84,"column":27},"end":{"line":84,"column":38}}]},"20":{"type":"branch","line":84,"loc":{"start":{"line":84,"column":34},"end":{"line":85,"column":53}},"locations":[{"start":{"line":84,"column":34},"end":{"line":85,"column":53}}]},"21":{"type":"branch","line":95,"loc":{"start":{"line":95,"column":7},"end":{"line":122,"column":1}},"locations":[{"start":{"line":95,"column":7},"end":{"line":122,"column":1}}]},"22":{"type":"branch","line":98,"loc":{"start":{"line":98,"column":32},"end":{"line":118,"column":3}},"locations":[{"start":{"line":98,"column":32},"end":{"line":118,"column":3}}]},"23":{"type":"branch","line":101,"loc":{"start":{"line":101,"column":70},"end":{"line":113,"column":5}},"locations":[{"start":{"line":101,"column":70},"end":{"line":113,"column":5}}]},"24":{"type":"branch","line":102,"loc":{"start":{"line":102,"column":41},"end":{"line":102,"column":47}},"locations":[{"start":{"line":102,"column":41},"end":{"line":102,"column":47}}]},"25":{"type":"branch","line":104,"loc":{"start":{"line":104,"column":28},"end":{"line":104,"column":64}},"locations":[{"start":{"line":104,"column":28},"end":{"line":104,"column":64}}]},"26":{"type":"branch","line":104,"loc":{"start":{"line":104,"column":64},"end":{"line":107,"column":7}},"locations":[{"start":{"line":104,"column":64},"end":{"line":107,"column":7}}]},"27":{"type":"branch","line":107,"loc":{"start":{"line":107,"column":6},"end":{"line":109,"column":41}},"locations":[{"start":{"line":107,"column":6},"end":{"line":109,"column":41}}]},"28":{"type":"branch","line":109,"loc":{"start":{"line":109,"column":28},"end":{"line":109,"column":64}},"locations":[{"start":{"line":109,"column":28},"end":{"line":109,"column":64}}]},"29":{"type":"branch","line":109,"loc":{"start":{"line":109,"column":64},"end":{"line":112,"column":7}},"locations":[{"start":{"line":109,"column":64},"end":{"line":112,"column":7}}]},"30":{"type":"branch","line":115,"loc":{"start":{"line":115,"column":17},"end":{"line":117,"column":5}},"locations":[{"start":{"line":115,"column":17},"end":{"line":117,"column":5}}]},"31":{"type":"branch","line":121,"loc":{"start":{"line":121,"column":33},"end":{"line":121,"column":57}},"locations":[{"start":{"line":121,"column":33},"end":{"line":121,"column":57}}]},"32":{"type":"branch","line":121,"loc":{"start":{"line":121,"column":53},"end":{"line":121,"column":61}},"locations":[{"start":{"line":121,"column":53},"end":{"line":121,"column":61}}]},"33":{"type":"branch","line":130,"loc":{"start":{"line":130,"column":7},"end":{"line":132,"column":1}},"locations":[{"start":{"line":130,"column":7},"end":{"line":132,"column":1}}]},"34":{"type":"branch","line":131,"loc":{"start":{"line":131,"column":39},"end":{"line":131,"column":45}},"locations":[{"start":{"line":131,"column":39},"end":{"line":131,"column":45}}]},"35":{"type":"branch","line":140,"loc":{"start":{"line":140,"column":7},"end":{"line":142,"column":1}},"locations":[{"start":{"line":140,"column":7},"end":{"line":142,"column":1}}]},"36":{"type":"branch","line":141,"loc":{"start":{"line":141,"column":40},"end":{"line":141,"column":46}},"locations":[{"start":{"line":141,"column":40},"end":{"line":141,"column":46}}]},"37":{"type":"branch","line":151,"loc":{"start":{"line":151,"column":7},"end":{"line":159,"column":1}},"locations":[{"start":{"line":151,"column":7},"end":{"line":159,"column":1}}]},"38":{"type":"branch","line":168,"loc":{"start":{"line":168,"column":7},"end":{"line":179,"column":1}},"locations":[{"start":{"line":168,"column":7},"end":{"line":179,"column":1}}]},"39":{"type":"branch","line":188,"loc":{"start":{"line":188,"column":7},"end":{"line":201,"column":1}},"locations":[{"start":{"line":188,"column":7},"end":{"line":201,"column":1}}]},"40":{"type":"branch","line":208,"loc":{"start":{"line":208,"column":7},"end":{"line":217,"column":1}},"locations":[{"start":{"line":208,"column":7},"end":{"line":217,"column":1}}]},"41":{"type":"branch","line":214,"loc":{"start":{"line":214,"column":31},"end":{"line":214,"column":56}},"locations":[{"start":{"line":214,"column":31},"end":{"line":214,"column":56}}]}},"b":{"0":[25],"1":[29],"2":[19],"3":[19],"4":[13],"5":[10],"6":[5],"7":[28],"8":[2],"9":[26],"10":[7],"11":[20],"12":[8],"13":[18],"14":[10],"15":[3],"16":[15],"17":[2],"18":[6],"19":[4],"20":[2],"21":[34],"22":[32],"23":[33],"24":[8],"25":[31],"26":[11],"27":[22],"28":[3],"29":[1],"30":[20],"31":[17],"32":[17],"33":[2],"34":[1],"35":[2],"36":[1],"37":[3],"38":[3],"39":[45],"40":[59],"41":[9]},"fnMap":{"0":{"name":"applyEffects","decl":{"start":{"line":28,"column":7},"end":{"line":52,"column":1}},"loc":{"start":{"line":28,"column":7},"end":{"line":52,"column":1}},"line":28},"1":{"name":"evaluateCondition","decl":{"start":{"line":60,"column":7},"end":{"line":74,"column":1}},"loc":{"start":{"line":60,"column":7},"end":{"line":74,"column":1}},"line":60},"2":{"name":"filterAvailableChoices","decl":{"start":{"line":82,"column":7},"end":{"line":87,"column":1}},"loc":{"start":{"line":82,"column":7},"end":{"line":87,"column":1}},"line":82},"3":{"name":"checkEnding","decl":{"start":{"line":95,"column":7},"end":{"line":122,"column":1}},"loc":{"start":{"line":95,"column":7},"end":{"line":122,"column":1}},"line":95},"4":{"name":"getAttribute","decl":{"start":{"line":130,"column":7},"end":{"line":132,"column":1}},"loc":{"start":{"line":130,"column":7},"end":{"line":132,"column":1}},"line":130},"5":{"name":"getRelationship","decl":{"start":{"line":140,"column":7},"end":{"line":142,"column":1}},"loc":{"start":{"line":140,"column":7},"end":{"line":142,"column":1}},"line":140},"6":{"name":"setAttribute","decl":{"start":{"line":151,"column":7},"end":{"line":159,"column":1}},"loc":{"start":{"line":151,"column":7},"end":{"line":159,"column":1}},"line":151},"7":{"name":"setRelationship","decl":{"start":{"line":168,"column":7},"end":{"line":179,"column":1}},"loc":{"start":{"line":168,"column":7},"end":{"line":179,"column":1}},"line":168},"8":{"name":"createInitialState","decl":{"start":{"line":188,"column":7},"end":{"line":201,"column":1}},"loc":{"start":{"line":188,"column":7},"end":{"line":201,"column":1}},"line":188},"9":{"name":"cloneState","decl":{"start":{"line":208,"column":7},"end":{"line":217,"column":1}},"loc":{"start":{"line":208,"column":7},"end":{"line":217,"column":1}},"line":208}},"f":{"0":25,"1":28,"2":2,"3":34,"4":2,"5":2,"6":3,"7":3,"8":45,"9":59}}
}
